{"C:\\Users\\User\\Documents\\Projects\\gifyd\\src\\App.tsx": {"path":"C:\\Users\\User\\Documents\\Projects\\gifyd\\src\\App.tsx","statementMap":{"0":{"start":{"line":1,"column":0},"end":{"line":1,"column":null}},"1":{"start":{"line":7,"column":0},"end":{"line":7,"column":18}},"2":{"start":{"line":9,"column":0},"end":{"line":9,"column":56}},"3":{"start":{"line":10,"column":0},"end":{"line":10,"column":54}},"4":{"start":{"line":11,"column":0},"end":{"line":11,"column":64}},"5":{"start":{"line":12,"column":0},"end":{"line":12,"column":50}},"6":{"start":{"line":13,"column":0},"end":{"line":13,"column":54}},"7":{"start":{"line":14,"column":0},"end":{"line":14,"column":103}},"8":{"start":{"line":15,"column":0},"end":{"line":15,"column":91}},"9":{"start":{"line":16,"column":0},"end":{"line":16,"column":100}},"10":{"start":{"line":17,"column":0},"end":{"line":17,"column":null}},"11":{"start":{"line":23,"column":0},"end":{"line":23,"column":56}},"12":{"start":{"line":24,"column":0},"end":{"line":24,"column":null}},"13":{"start":{"line":31,"column":0},"end":{"line":31,"column":60}},"14":{"start":{"line":32,"column":0},"end":{"line":32,"column":48}},"15":{"start":{"line":33,"column":0},"end":{"line":33,"column":46}},"16":{"start":{"line":34,"column":0},"end":{"line":34,"column":null}},"17":{"start":{"line":41,"column":0},"end":{"line":41,"column":45}},"18":{"start":{"line":42,"column":0},"end":{"line":42,"column":49}},"19":{"start":{"line":43,"column":0},"end":{"line":43,"column":47}},"20":{"start":{"line":44,"column":0},"end":{"line":44,"column":61}},"21":{"start":{"line":45,"column":0},"end":{"line":45,"column":55}},"22":{"start":{"line":47,"column":44},"end":{"line":57,"column":null}},"23":{"start":{"line":61,"column":43},"end":{"line":61,"column":54}},"24":{"start":{"line":62,"column":18},"end":{"line":62,"column":31}},"25":{"start":{"line":63,"column":69},"end":{"line":63,"column":77}},"26":{"start":{"line":64,"column":21},"end":{"line":64,"column":33}},"27":{"start":{"line":69,"column":5},"end":{"line":69,"column":16}},"28":{"start":{"line":72,"column":41},"end":{"line":72,"column":68}},"29":{"start":{"line":73,"column":29},"end":{"line":73,"column":41}},"30":{"start":{"line":74,"column":39},"end":{"line":74,"column":68}},"31":{"start":{"line":75,"column":41},"end":{"line":75,"column":72}},"32":{"start":{"line":76,"column":35},"end":{"line":76,"column":66}},"33":{"start":{"line":77,"column":47},"end":{"line":77,"column":78}},"34":{"start":{"line":78,"column":39},"end":{"line":78,"column":84}},"35":{"start":{"line":79,"column":45},"end":{"line":79,"column":74}},"36":{"start":{"line":80,"column":47},"end":{"line":80,"column":76}},"37":{"start":{"line":81,"column":21},"end":{"line":81,"column":48}},"38":{"start":{"line":82,"column":41},"end":{"line":82,"column":56}},"39":{"start":{"line":84,"column":16},"end":{"line":94,"column":3}},"40":{"start":{"line":96,"column":13},"end":{"line":112,"column":3}},"41":{"start":{"line":114,"column":77},"end":{"line":114,"column":80}},"42":{"start":{"line":115,"column":30},"end":{"line":115,"column":36}},"43":{"start":{"line":120,"column":1},"end":{"line":127,"column":null}},"44":{"start":{"line":121,"column":2},"end":{"line":121,"column":27}},"45":{"start":{"line":121,"column":21},"end":{"line":121,"column":27}},"46":{"start":{"line":122,"column":18},"end":{"line":122,"column":51}},"47":{"start":{"line":123,"column":2},"end":{"line":123,"column":null}},"48":{"start":{"line":124,"column":2},"end":{"line":126,"column":null}},"49":{"start":{"line":125,"column":3},"end":{"line":125,"column":null}},"50":{"start":{"line":125,"column":16},"end":{"line":125,"column":null}},"51":{"start":{"line":130,"column":1},"end":{"line":134,"column":null}},"52":{"start":{"line":131,"column":2},"end":{"line":133,"column":null}},"53":{"start":{"line":132,"column":3},"end":{"line":132,"column":null}},"54":{"start":{"line":132,"column":15},"end":{"line":132,"column":null}},"55":{"start":{"line":137,"column":1},"end":{"line":168,"column":null}},"56":{"start":{"line":138,"column":2},"end":{"line":138,"column":61}},"57":{"start":{"line":138,"column":55},"end":{"line":138,"column":61}},"58":{"start":{"line":139,"column":2},"end":{"line":139,"column":20}},"59":{"start":{"line":139,"column":14},"end":{"line":139,"column":20}},"60":{"start":{"line":140,"column":18},"end":{"line":140,"column":23}},"61":{"start":{"line":141,"column":32},"end":{"line":165,"column":3}},"62":{"start":{"line":142,"column":3},"end":{"line":164,"column":4}},"63":{"start":{"line":143,"column":18},"end":{"line":143,"column":32}},"64":{"start":{"line":144,"column":21},"end":{"line":144,"column":45}},"65":{"start":{"line":145,"column":4},"end":{"line":145,"column":35}},"66":{"start":{"line":145,"column":29},"end":{"line":145,"column":35}},"67":{"start":{"line":146,"column":4},"end":{"line":146,"column":null}},"68":{"start":{"line":147,"column":4},"end":{"line":147,"column":25}},"69":{"start":{"line":147,"column":19},"end":{"line":147,"column":25}},"70":{"start":{"line":148,"column":4},"end":{"line":148,"column":null}},"71":{"start":{"line":149,"column":4},"end":{"line":149,"column":25}},"72":{"start":{"line":149,"column":19},"end":{"line":149,"column":25}},"73":{"start":{"line":150,"column":18},"end":{"line":150,"column":35}},"74":{"start":{"line":151,"column":19},"end":{"line":151,"column":37}},"75":{"start":{"line":152,"column":4},"end":{"line":152,"column":43}},"76":{"start":{"line":152,"column":37},"end":{"line":152,"column":43}},"77":{"start":{"line":153,"column":4},"end":{"line":153,"column":null}},"78":{"start":{"line":154,"column":4},"end":{"line":154,"column":null}},"79":{"start":{"line":155,"column":22},"end":{"line":155,"column":67}},"80":{"start":{"line":156,"column":23},"end":{"line":156,"column":67}},"81":{"start":{"line":157,"column":4},"end":{"line":157,"column":74}},"82":{"start":{"line":157,"column":39},"end":{"line":157,"column":65}},"83":{"start":{"line":157,"column":68},"end":{"line":157,"column":74}},"84":{"start":{"line":158,"column":4},"end":{"line":158,"column":25}},"85":{"start":{"line":158,"column":19},"end":{"line":158,"column":25}},"86":{"start":{"line":159,"column":4},"end":{"line":159,"column":null}},"87":{"start":{"line":161,"column":4},"end":{"line":163,"column":5}},"88":{"start":{"line":162,"column":5},"end":{"line":162,"column":null}},"89":{"start":{"line":166,"column":2},"end":{"line":166,"column":null}},"90":{"start":{"line":167,"column":2},"end":{"line":167,"column":null}},"91":{"start":{"line":167,"column":17},"end":{"line":167,"column":34}},"92":{"start":{"line":171,"column":1},"end":{"line":199,"column":null}},"93":{"start":{"line":172,"column":2},"end":{"line":172,"column":61}},"94":{"start":{"line":172,"column":55},"end":{"line":172,"column":61}},"95":{"start":{"line":173,"column":2},"end":{"line":173,"column":20}},"96":{"start":{"line":173,"column":14},"end":{"line":173,"column":20}},"97":{"start":{"line":174,"column":28},"end":{"line":197,"column":3}},"98":{"start":{"line":175,"column":3},"end":{"line":196,"column":4}},"99":{"start":{"line":176,"column":18},"end":{"line":176,"column":32}},"100":{"start":{"line":177,"column":21},"end":{"line":177,"column":45}},"101":{"start":{"line":178,"column":4},"end":{"line":178,"column":50}},"102":{"start":{"line":178,"column":44},"end":{"line":178,"column":50}},"103":{"start":{"line":179,"column":4},"end":{"line":186,"column":5}},"104":{"start":{"line":180,"column":5},"end":{"line":180,"column":null}},"105":{"start":{"line":181,"column":5},"end":{"line":181,"column":null}},"106":{"start":{"line":182,"column":5},"end":{"line":185,"column":6}},"107":{"start":{"line":183,"column":6},"end":{"line":183,"column":null}},"108":{"start":{"line":184,"column":6},"end":{"line":184,"column":12}},"109":{"start":{"line":187,"column":4},"end":{"line":187,"column":null}},"110":{"start":{"line":188,"column":4},"end":{"line":188,"column":null}},"111":{"start":{"line":189,"column":4},"end":{"line":193,"column":5}},"112":{"start":{"line":190,"column":5},"end":{"line":190,"column":null}},"113":{"start":{"line":192,"column":5},"end":{"line":192,"column":null}},"114":{"start":{"line":195,"column":4},"end":{"line":195,"column":null}},"115":{"start":{"line":198,"column":2},"end":{"line":198,"column":null}},"116":{"start":{"line":202,"column":1},"end":{"line":233,"column":null}},"117":{"start":{"line":203,"column":2},"end":{"line":206,"column":3}},"118":{"start":{"line":204,"column":3},"end":{"line":204,"column":null}},"119":{"start":{"line":205,"column":3},"end":{"line":205,"column":9}},"120":{"start":{"line":207,"column":2},"end":{"line":207,"column":55}},"121":{"start":{"line":207,"column":49},"end":{"line":207,"column":55}},"122":{"start":{"line":208,"column":2},"end":{"line":208,"column":27}},"123":{"start":{"line":208,"column":21},"end":{"line":208,"column":27}},"124":{"start":{"line":209,"column":28},"end":{"line":231,"column":3}},"125":{"start":{"line":210,"column":3},"end":{"line":230,"column":4}},"126":{"start":{"line":211,"column":4},"end":{"line":211,"column":46}},"127":{"start":{"line":211,"column":40},"end":{"line":211,"column":46}},"128":{"start":{"line":212,"column":18},"end":{"line":212,"column":32}},"129":{"start":{"line":213,"column":4},"end":{"line":213,"column":null}},"130":{"start":{"line":214,"column":4},"end":{"line":217,"column":5}},"131":{"start":{"line":215,"column":5},"end":{"line":215,"column":null}},"132":{"start":{"line":216,"column":5},"end":{"line":216,"column":null}},"133":{"start":{"line":218,"column":4},"end":{"line":218,"column":null}},"134":{"start":{"line":219,"column":4},"end":{"line":219,"column":null}},"135":{"start":{"line":220,"column":4},"end":{"line":222,"column":5}},"136":{"start":{"line":221,"column":5},"end":{"line":221,"column":null}},"137":{"start":{"line":224,"column":4},"end":{"line":224,"column":null}},"138":{"start":{"line":225,"column":4},"end":{"line":229,"column":5}},"139":{"start":{"line":226,"column":5},"end":{"line":226,"column":null}},"140":{"start":{"line":228,"column":5},"end":{"line":228,"column":null}},"141":{"start":{"line":232,"column":2},"end":{"line":232,"column":null}},"142":{"start":{"line":236,"column":1},"end":{"line":246,"column":null}},"143":{"start":{"line":237,"column":2},"end":{"line":237,"column":75}},"144":{"start":{"line":237,"column":69},"end":{"line":237,"column":75}},"145":{"start":{"line":238,"column":2},"end":{"line":238,"column":null}},"146":{"start":{"line":239,"column":2},"end":{"line":239,"column":null}},"147":{"start":{"line":240,"column":2},"end":{"line":245,"column":3}},"148":{"start":{"line":241,"column":27},"end":{"line":242,"column":null}},"149":{"start":{"line":244,"column":3},"end":{"line":244,"column":null}},"150":{"start":{"line":250,"column":21},"end":{"line":271,"column":2}},"151":{"start":{"line":251,"column":2},"end":{"line":251,"column":29}},"152":{"start":{"line":251,"column":23},"end":{"line":251,"column":29}},"153":{"start":{"line":252,"column":2},"end":{"line":255,"column":3}},"154":{"start":{"line":253,"column":3},"end":{"line":253,"column":null}},"155":{"start":{"line":254,"column":3},"end":{"line":254,"column":9}},"156":{"start":{"line":256,"column":2},"end":{"line":259,"column":3}},"157":{"start":{"line":257,"column":3},"end":{"line":257,"column":null}},"158":{"start":{"line":258,"column":3},"end":{"line":258,"column":9}},"159":{"start":{"line":260,"column":2},"end":{"line":263,"column":3}},"160":{"start":{"line":261,"column":3},"end":{"line":261,"column":null}},"161":{"start":{"line":262,"column":3},"end":{"line":262,"column":9}},"162":{"start":{"line":264,"column":24},"end":{"line":264,"column":41}},"163":{"start":{"line":265,"column":2},"end":{"line":268,"column":3}},"164":{"start":{"line":266,"column":3},"end":{"line":266,"column":null}},"165":{"start":{"line":267,"column":3},"end":{"line":267,"column":9}},"166":{"start":{"line":269,"column":2},"end":{"line":269,"column":null}},"167":{"start":{"line":270,"column":2},"end":{"line":270,"column":null}},"168":{"start":{"line":273,"column":20},"end":{"line":301,"column":2}},"169":{"start":{"line":274,"column":2},"end":{"line":274,"column":29}},"170":{"start":{"line":274,"column":23},"end":{"line":274,"column":29}},"171":{"start":{"line":275,"column":2},"end":{"line":300,"column":3}},"172":{"start":{"line":276,"column":17},"end":{"line":276,"column":31}},"173":{"start":{"line":277,"column":3},"end":{"line":279,"column":4}},"174":{"start":{"line":278,"column":4},"end":{"line":278,"column":null}},"175":{"start":{"line":280,"column":20},"end":{"line":280,"column":65}},"176":{"start":{"line":281,"column":3},"end":{"line":281,"column":null}},"177":{"start":{"line":282,"column":3},"end":{"line":282,"column":null}},"178":{"start":{"line":283,"column":3},"end":{"line":283,"column":null}},"179":{"start":{"line":284,"column":3},"end":{"line":290,"column":4}},"180":{"start":{"line":285,"column":28},"end":{"line":285,"column":57}},"181":{"start":{"line":286,"column":4},"end":{"line":286,"column":null}},"182":{"start":{"line":287,"column":4},"end":{"line":287,"column":null}},"183":{"start":{"line":287,"column":30},"end":{"line":287,"column":68}},"184":{"start":{"line":289,"column":4},"end":{"line":289,"column":null}},"185":{"start":{"line":289,"column":30},"end":{"line":289,"column":73}},"186":{"start":{"line":291,"column":17},"end":{"line":291,"column":34}},"187":{"start":{"line":292,"column":18},"end":{"line":292,"column":36}},"188":{"start":{"line":293,"column":3},"end":{"line":293,"column":null}},"189":{"start":{"line":294,"column":3},"end":{"line":294,"column":null}},"190":{"start":{"line":295,"column":3},"end":{"line":295,"column":null}},"191":{"start":{"line":296,"column":3},"end":{"line":296,"column":null}},"192":{"start":{"line":298,"column":3},"end":{"line":298,"column":null}},"193":{"start":{"line":299,"column":3},"end":{"line":299,"column":null}},"194":{"start":{"line":303,"column":25},"end":{"line":313,"column":2}},"195":{"start":{"line":304,"column":2},"end":{"line":304,"column":29}},"196":{"start":{"line":304,"column":23},"end":{"line":304,"column":29}},"197":{"start":{"line":305,"column":2},"end":{"line":305,"column":null}},"198":{"start":{"line":306,"column":2},"end":{"line":312,"column":3}},"199":{"start":{"line":307,"column":3},"end":{"line":307,"column":null}},"200":{"start":{"line":308,"column":3},"end":{"line":308,"column":null}},"201":{"start":{"line":310,"column":3},"end":{"line":310,"column":null}},"202":{"start":{"line":311,"column":3},"end":{"line":311,"column":null}},"203":{"start":{"line":315,"column":18},"end":{"line":333,"column":2}},"204":{"start":{"line":316,"column":2},"end":{"line":316,"column":null}},"205":{"start":{"line":317,"column":2},"end":{"line":317,"column":null}},"206":{"start":{"line":318,"column":2},"end":{"line":318,"column":null}},"207":{"start":{"line":319,"column":2},"end":{"line":319,"column":null}},"208":{"start":{"line":322,"column":2},"end":{"line":322,"column":null}},"209":{"start":{"line":323,"column":2},"end":{"line":323,"column":null}},"210":{"start":{"line":324,"column":2},"end":{"line":324,"column":null}},"211":{"start":{"line":325,"column":2},"end":{"line":325,"column":null}},"212":{"start":{"line":326,"column":2},"end":{"line":326,"column":null}},"213":{"start":{"line":327,"column":2},"end":{"line":327,"column":null}},"214":{"start":{"line":328,"column":2},"end":{"line":328,"column":null}},"215":{"start":{"line":329,"column":2},"end":{"line":329,"column":null}},"216":{"start":{"line":330,"column":2},"end":{"line":330,"column":null}},"217":{"start":{"line":331,"column":2},"end":{"line":331,"column":null}},"218":{"start":{"line":332,"column":2},"end":{"line":332,"column":null}},"219":{"start":{"line":337,"column":26},"end":{"line":359,"column":null}},"220":{"start":{"line":363,"column":1},"end":{"line":506,"column":null}},"221":{"start":{"line":433,"column":9},"end":{"line":433,"column":null}},"222":{"start":{"line":434,"column":9},"end":{"line":434,"column":null}},"223":{"start":{"line":435,"column":9},"end":{"line":435,"column":null}},"224":{"start":{"line":447,"column":9},"end":{"line":448,"column":null}},"225":{"start":{"line":508,"column":0},"end":{"line":508,"column":null}}},"fnMap":{"0":{"name":"App","decl":{"start":{"line":59,"column":9},"end":{"line":59,"column":12}},"loc":{"start":{"line":59,"column":12},"end":{"line":507,"column":1}}},"1":{"name":"(anonymous_1)","decl":{"start":{"line":120,"column":11},"end":{"line":120,"column":14}},"loc":{"start":{"line":120,"column":16},"end":{"line":127,"column":2}}},"2":{"name":"(anonymous_2)","decl":{"start":{"line":124,"column":9},"end":{"line":124,"column":12}},"loc":{"start":{"line":124,"column":14},"end":{"line":126,"column":3}}},"3":{"name":"(anonymous_3)","decl":{"start":{"line":130,"column":11},"end":{"line":130,"column":14}},"loc":{"start":{"line":130,"column":16},"end":{"line":134,"column":2}}},"4":{"name":"(anonymous_4)","decl":{"start":{"line":131,"column":9},"end":{"line":131,"column":12}},"loc":{"start":{"line":131,"column":14},"end":{"line":133,"column":3}}},"5":{"name":"(anonymous_5)","decl":{"start":{"line":137,"column":11},"end":{"line":137,"column":14}},"loc":{"start":{"line":137,"column":16},"end":{"line":168,"column":2}}},"6":{"name":"(anonymous_6)","decl":{"start":{"line":141,"column":32},"end":{"line":141,"column":37}},"loc":{"start":{"line":141,"column":43},"end":{"line":165,"column":3}}},"7":{"name":"(anonymous_7)","decl":{"start":{"line":157,"column":25},"end":{"line":157,"column":26}},"loc":{"start":{"line":157,"column":39},"end":{"line":157,"column":65}}},"8":{"name":"(anonymous_8)","decl":{"start":{"line":167,"column":9},"end":{"line":167,"column":12}},"loc":{"start":{"line":167,"column":14},"end":{"line":167,"column":35}}},"9":{"name":"(anonymous_9)","decl":{"start":{"line":171,"column":11},"end":{"line":171,"column":14}},"loc":{"start":{"line":171,"column":16},"end":{"line":199,"column":2}}},"10":{"name":"(anonymous_10)","decl":{"start":{"line":174,"column":28},"end":{"line":174,"column":33}},"loc":{"start":{"line":174,"column":39},"end":{"line":197,"column":3}}},"11":{"name":"(anonymous_11)","decl":{"start":{"line":202,"column":11},"end":{"line":202,"column":14}},"loc":{"start":{"line":202,"column":16},"end":{"line":233,"column":2}}},"12":{"name":"(anonymous_12)","decl":{"start":{"line":209,"column":28},"end":{"line":209,"column":33}},"loc":{"start":{"line":209,"column":39},"end":{"line":231,"column":3}}},"13":{"name":"(anonymous_13)","decl":{"start":{"line":236,"column":11},"end":{"line":236,"column":14}},"loc":{"start":{"line":236,"column":16},"end":{"line":246,"column":2}}},"14":{"name":"(anonymous_14)","decl":{"start":{"line":250,"column":21},"end":{"line":250,"column":26}},"loc":{"start":{"line":250,"column":64},"end":{"line":271,"column":2}}},"15":{"name":"(anonymous_15)","decl":{"start":{"line":273,"column":20},"end":{"line":273,"column":25}},"loc":{"start":{"line":273,"column":31},"end":{"line":301,"column":2}}},"16":{"name":"(anonymous_16)","decl":{"start":{"line":287,"column":19},"end":{"line":287,"column":20}},"loc":{"start":{"line":287,"column":30},"end":{"line":287,"column":68}}},"17":{"name":"(anonymous_17)","decl":{"start":{"line":289,"column":19},"end":{"line":289,"column":20}},"loc":{"start":{"line":289,"column":30},"end":{"line":289,"column":73}}},"18":{"name":"(anonymous_18)","decl":{"start":{"line":303,"column":25},"end":{"line":303,"column":30}},"loc":{"start":{"line":303,"column":36},"end":{"line":313,"column":2}}},"19":{"name":"(anonymous_19)","decl":{"start":{"line":315,"column":18},"end":{"line":315,"column":21}},"loc":{"start":{"line":315,"column":23},"end":{"line":333,"column":2}}},"20":{"name":"(anonymous_20)","decl":{"start":{"line":432,"column":21},"end":{"line":432,"column":24}},"loc":{"start":{"line":432,"column":26},"end":{"line":436,"column":9}}},"21":{"name":"(anonymous_21)","decl":{"start":{"line":446,"column":21},"end":{"line":446,"column":22}},"loc":{"start":{"line":447,"column":9},"end":{"line":448,"column":null}}}},"branchMap":{"0":{"loc":{"start":{"line":121,"column":2},"end":{"line":121,"column":27}},"type":"if","locations":[{"start":{"line":121,"column":2},"end":{"line":121,"column":27}}]},"1":{"loc":{"start":{"line":125,"column":3},"end":{"line":125,"column":null}},"type":"if","locations":[{"start":{"line":125,"column":3},"end":{"line":125,"column":null}}]},"2":{"loc":{"start":{"line":132,"column":3},"end":{"line":132,"column":null}},"type":"if","locations":[{"start":{"line":132,"column":3},"end":{"line":132,"column":null}}]},"3":{"loc":{"start":{"line":138,"column":2},"end":{"line":138,"column":61}},"type":"if","locations":[{"start":{"line":138,"column":2},"end":{"line":138,"column":61}}]},"4":{"loc":{"start":{"line":138,"column":6},"end":{"line":138,"column":53}},"type":"binary-expr","locations":[{"start":{"line":138,"column":6},"end":{"line":138,"column":19}},{"start":{"line":138,"column":23},"end":{"line":138,"column":34}},{"start":{"line":138,"column":38},"end":{"line":138,"column":53}}]},"5":{"loc":{"start":{"line":139,"column":2},"end":{"line":139,"column":20}},"type":"if","locations":[{"start":{"line":139,"column":2},"end":{"line":139,"column":20}}]},"6":{"loc":{"start":{"line":145,"column":4},"end":{"line":145,"column":35}},"type":"if","locations":[{"start":{"line":145,"column":4},"end":{"line":145,"column":35}}]},"7":{"loc":{"start":{"line":145,"column":8},"end":{"line":145,"column":27}},"type":"binary-expr","locations":[{"start":{"line":145,"column":8},"end":{"line":145,"column":14}},{"start":{"line":145,"column":18},"end":{"line":145,"column":27}}]},"8":{"loc":{"start":{"line":147,"column":4},"end":{"line":147,"column":25}},"type":"if","locations":[{"start":{"line":147,"column":4},"end":{"line":147,"column":25}}]},"9":{"loc":{"start":{"line":149,"column":4},"end":{"line":149,"column":25}},"type":"if","locations":[{"start":{"line":149,"column":4},"end":{"line":149,"column":25}}]},"10":{"loc":{"start":{"line":152,"column":4},"end":{"line":152,"column":43}},"type":"if","locations":[{"start":{"line":152,"column":4},"end":{"line":152,"column":43}}]},"11":{"loc":{"start":{"line":152,"column":8},"end":{"line":152,"column":35}},"type":"binary-expr","locations":[{"start":{"line":152,"column":8},"end":{"line":152,"column":19}},{"start":{"line":152,"column":23},"end":{"line":152,"column":35}}]},"12":{"loc":{"start":{"line":157,"column":4},"end":{"line":157,"column":74}},"type":"if","locations":[{"start":{"line":157,"column":4},"end":{"line":157,"column":74}}]},"13":{"loc":{"start":{"line":157,"column":39},"end":{"line":157,"column":65}},"type":"binary-expr","locations":[{"start":{"line":157,"column":39},"end":{"line":157,"column":52}},{"start":{"line":157,"column":56},"end":{"line":157,"column":65}}]},"14":{"loc":{"start":{"line":158,"column":4},"end":{"line":158,"column":25}},"type":"if","locations":[{"start":{"line":158,"column":4},"end":{"line":158,"column":25}}]},"15":{"loc":{"start":{"line":161,"column":4},"end":{"line":163,"column":5}},"type":"if","locations":[{"start":{"line":161,"column":4},"end":{"line":163,"column":5}}]},"16":{"loc":{"start":{"line":172,"column":2},"end":{"line":172,"column":61}},"type":"if","locations":[{"start":{"line":172,"column":2},"end":{"line":172,"column":61}}]},"17":{"loc":{"start":{"line":172,"column":6},"end":{"line":172,"column":53}},"type":"binary-expr","locations":[{"start":{"line":172,"column":6},"end":{"line":172,"column":19}},{"start":{"line":172,"column":23},"end":{"line":172,"column":34}},{"start":{"line":172,"column":38},"end":{"line":172,"column":53}}]},"18":{"loc":{"start":{"line":173,"column":2},"end":{"line":173,"column":20}},"type":"if","locations":[{"start":{"line":173,"column":2},"end":{"line":173,"column":20}}]},"19":{"loc":{"start":{"line":178,"column":4},"end":{"line":178,"column":50}},"type":"if","locations":[{"start":{"line":178,"column":4},"end":{"line":178,"column":50}}]},"20":{"loc":{"start":{"line":178,"column":8},"end":{"line":178,"column":42}},"type":"binary-expr","locations":[{"start":{"line":178,"column":8},"end":{"line":178,"column":14}},{"start":{"line":178,"column":18},"end":{"line":178,"column":29}},{"start":{"line":178,"column":33},"end":{"line":178,"column":42}}]},"21":{"loc":{"start":{"line":179,"column":4},"end":{"line":186,"column":5}},"type":"if","locations":[{"start":{"line":179,"column":4},"end":{"line":186,"column":5}}]},"22":{"loc":{"start":{"line":179,"column":8},"end":{"line":179,"column":53}},"type":"binary-expr","locations":[{"start":{"line":179,"column":8},"end":{"line":179,"column":28}},{"start":{"line":179,"column":32},"end":{"line":179,"column":53}}]},"23":{"loc":{"start":{"line":182,"column":5},"end":{"line":185,"column":6}},"type":"if","locations":[{"start":{"line":182,"column":5},"end":{"line":185,"column":6}}]},"24":{"loc":{"start":{"line":182,"column":9},"end":{"line":182,"column":54}},"type":"binary-expr","locations":[{"start":{"line":182,"column":9},"end":{"line":182,"column":29}},{"start":{"line":182,"column":33},"end":{"line":182,"column":54}}]},"25":{"loc":{"start":{"line":188,"column":40},"end":{"line":188,"column":77}},"type":"binary-expr","locations":[{"start":{"line":188,"column":40},"end":{"line":188,"column":64}},{"start":{"line":188,"column":68},"end":{"line":188,"column":77}}]},"26":{"loc":{"start":{"line":189,"column":4},"end":{"line":193,"column":5}},"type":"if","locations":[{"start":{"line":189,"column":4},"end":{"line":193,"column":5}},{"start":{"line":191,"column":11},"end":{"line":193,"column":5}}]},"27":{"loc":{"start":{"line":189,"column":8},"end":{"line":189,"column":55}},"type":"binary-expr","locations":[{"start":{"line":189,"column":8},"end":{"line":189,"column":29}},{"start":{"line":189,"column":33},"end":{"line":189,"column":55}}]},"28":{"loc":{"start":{"line":203,"column":2},"end":{"line":206,"column":3}},"type":"if","locations":[{"start":{"line":203,"column":2},"end":{"line":206,"column":3}}]},"29":{"loc":{"start":{"line":207,"column":2},"end":{"line":207,"column":55}},"type":"if","locations":[{"start":{"line":207,"column":2},"end":{"line":207,"column":55}}]},"30":{"loc":{"start":{"line":207,"column":6},"end":{"line":207,"column":47}},"type":"binary-expr","locations":[{"start":{"line":207,"column":6},"end":{"line":207,"column":13}},{"start":{"line":207,"column":17},"end":{"line":207,"column":28}},{"start":{"line":207,"column":32},"end":{"line":207,"column":47}}]},"31":{"loc":{"start":{"line":208,"column":2},"end":{"line":208,"column":27}},"type":"if","locations":[{"start":{"line":208,"column":2},"end":{"line":208,"column":27}}]},"32":{"loc":{"start":{"line":211,"column":4},"end":{"line":211,"column":46}},"type":"if","locations":[{"start":{"line":211,"column":4},"end":{"line":211,"column":46}}]},"33":{"loc":{"start":{"line":211,"column":8},"end":{"line":211,"column":38}},"type":"binary-expr","locations":[{"start":{"line":211,"column":8},"end":{"line":211,"column":23}},{"start":{"line":211,"column":27},"end":{"line":211,"column":38}}]},"34":{"loc":{"start":{"line":214,"column":4},"end":{"line":217,"column":5}},"type":"if","locations":[{"start":{"line":214,"column":4},"end":{"line":217,"column":5}}]},"35":{"loc":{"start":{"line":219,"column":40},"end":{"line":219,"column":77}},"type":"binary-expr","locations":[{"start":{"line":219,"column":40},"end":{"line":219,"column":64}},{"start":{"line":219,"column":68},"end":{"line":219,"column":77}}]},"36":{"loc":{"start":{"line":220,"column":4},"end":{"line":222,"column":5}},"type":"if","locations":[{"start":{"line":220,"column":4},"end":{"line":222,"column":5}}]},"37":{"loc":{"start":{"line":220,"column":8},"end":{"line":220,"column":55}},"type":"binary-expr","locations":[{"start":{"line":220,"column":8},"end":{"line":220,"column":29}},{"start":{"line":220,"column":33},"end":{"line":220,"column":55}}]},"38":{"loc":{"start":{"line":237,"column":2},"end":{"line":237,"column":75}},"type":"if","locations":[{"start":{"line":237,"column":2},"end":{"line":237,"column":75}}]},"39":{"loc":{"start":{"line":237,"column":6},"end":{"line":237,"column":67}},"type":"binary-expr","locations":[{"start":{"line":237,"column":6},"end":{"line":237,"column":21}},{"start":{"line":237,"column":25},"end":{"line":237,"column":46}},{"start":{"line":237,"column":50},"end":{"line":237,"column":67}}]},"40":{"loc":{"start":{"line":240,"column":2},"end":{"line":245,"column":3}},"type":"if","locations":[{"start":{"line":240,"column":2},"end":{"line":245,"column":3}}]},"41":{"loc":{"start":{"line":251,"column":2},"end":{"line":251,"column":29}},"type":"if","locations":[{"start":{"line":251,"column":2},"end":{"line":251,"column":29}}]},"42":{"loc":{"start":{"line":252,"column":2},"end":{"line":255,"column":3}},"type":"if","locations":[{"start":{"line":252,"column":2},"end":{"line":255,"column":3}}]},"43":{"loc":{"start":{"line":256,"column":2},"end":{"line":259,"column":3}},"type":"if","locations":[{"start":{"line":256,"column":2},"end":{"line":259,"column":3}}]},"44":{"loc":{"start":{"line":260,"column":2},"end":{"line":263,"column":3}},"type":"if","locations":[{"start":{"line":260,"column":2},"end":{"line":263,"column":3}}]},"45":{"loc":{"start":{"line":265,"column":2},"end":{"line":268,"column":3}},"type":"if","locations":[{"start":{"line":265,"column":2},"end":{"line":268,"column":3}}]},"46":{"loc":{"start":{"line":274,"column":2},"end":{"line":274,"column":29}},"type":"if","locations":[{"start":{"line":274,"column":2},"end":{"line":274,"column":29}}]},"47":{"loc":{"start":{"line":277,"column":3},"end":{"line":279,"column":4}},"type":"if","locations":[{"start":{"line":277,"column":3},"end":{"line":279,"column":4}}]},"48":{"loc":{"start":{"line":284,"column":3},"end":{"line":290,"column":4}},"type":"if","locations":[{"start":{"line":284,"column":3},"end":{"line":290,"column":4}},{"start":{"line":288,"column":10},"end":{"line":290,"column":4}}]},"49":{"loc":{"start":{"line":295,"column":39},"end":{"line":295,"column":76}},"type":"binary-expr","locations":[{"start":{"line":295,"column":39},"end":{"line":295,"column":63}},{"start":{"line":295,"column":67},"end":{"line":295,"column":76}}]},"50":{"loc":{"start":{"line":304,"column":2},"end":{"line":304,"column":29}},"type":"if","locations":[{"start":{"line":304,"column":2},"end":{"line":304,"column":29}}]},"51":{"loc":{"start":{"line":306,"column":2},"end":{"line":312,"column":3}},"type":"if","locations":[{"start":{"line":306,"column":2},"end":{"line":312,"column":3}},{"start":{"line":309,"column":9},"end":{"line":312,"column":3}}]},"52":{"loc":{"start":{"line":376,"column":4},"end":{"line":377,"column":null}},"type":"binary-expr","locations":[{"start":{"line":376,"column":4},"end":{"line":376,"column":15}},{"start":{"line":377,"column":4},"end":{"line":377,"column":62}}]},"53":{"loc":{"start":{"line":379,"column":4},"end":{"line":388,"column":null}},"type":"binary-expr","locations":[{"start":{"line":379,"column":4},"end":{"line":379,"column":11}},{"start":{"line":379,"column":15},"end":{"line":379,"column":22}},{"start":{"line":380,"column":4},"end":{"line":387,"column":null}}]},"54":{"loc":{"start":{"line":385,"column":6},"end":{"line":386,"column":null}},"type":"binary-expr","locations":[{"start":{"line":385,"column":6},"end":{"line":385,"column":17}},{"start":{"line":386,"column":6},"end":{"line":386,"column":64}}]},"55":{"loc":{"start":{"line":390,"column":4},"end":{"line":500,"column":null}},"type":"binary-expr","locations":[{"start":{"line":390,"column":4},"end":{"line":390,"column":11}},{"start":{"line":390,"column":15},"end":{"line":390,"column":21}},{"start":{"line":391,"column":4},"end":{"line":499,"column":null}}]},"56":{"loc":{"start":{"line":417,"column":10},"end":{"line":417,"column":63}},"type":"cond-expr","locations":[{"start":{"line":417,"column":35},"end":{"line":417,"column":47}},{"start":{"line":417,"column":50},"end":{"line":417,"column":63}}]},"57":{"loc":{"start":{"line":420,"column":10},"end":{"line":420,"column":46}},"type":"cond-expr","locations":[{"start":{"line":420,"column":35},"end":{"line":420,"column":38}},{"start":{"line":420,"column":41},"end":{"line":420,"column":46}}]},"58":{"loc":{"start":{"line":443,"column":6},"end":{"line":498,"column":null}},"type":"binary-expr","locations":[{"start":{"line":443,"column":6},"end":{"line":443,"column":14}},{"start":{"line":443,"column":18},"end":{"line":443,"column":24}},{"start":{"line":443,"column":28},"end":{"line":443,"column":42}},{"start":{"line":444,"column":6},"end":{"line":497,"column":null}}]},"59":{"loc":{"start":{"line":460,"column":9},"end":{"line":471,"column":null}},"type":"binary-expr","locations":[{"start":{"line":460,"column":9},"end":{"line":460,"column":38}},{"start":{"line":461,"column":9},"end":{"line":470,"column":null}}]},"60":{"loc":{"start":{"line":473,"column":9},"end":{"line":483,"column":null}},"type":"binary-expr","locations":[{"start":{"line":473,"column":9},"end":{"line":473,"column":40}},{"start":{"line":474,"column":9},"end":{"line":482,"column":null}}]},"61":{"loc":{"start":{"line":485,"column":9},"end":{"line":495,"column":null}},"type":"binary-expr","locations":[{"start":{"line":485,"column":9},"end":{"line":485,"column":39}},{"start":{"line":486,"column":9},"end":{"line":494,"column":null}}]},"62":{"loc":{"start":{"line":502,"column":4},"end":{"line":503,"column":null}},"type":"binary-expr","locations":[{"start":{"line":502,"column":4},"end":{"line":502,"column":10}},{"start":{"line":503,"column":4},"end":{"line":503,"column":107}}]}},"s":{"0":0,"1":0,"2":0,"3":0,"4":0,"5":0,"6":0,"7":0,"8":0,"9":0,"10":0,"11":0,"12":0,"13":0,"14":0,"15":0,"16":0,"17":0,"18":0,"19":0,"20":0,"21":0,"22":0,"23":0,"24":0,"25":0,"26":0,"27":0,"28":0,"29":0,"30":0,"31":0,"32":0,"33":0,"34":0,"35":0,"36":0,"37":0,"38":0,"39":0,"40":0,"41":0,"42":0,"43":0,"44":0,"45":0,"46":0,"47":0,"48":0,"49":0,"50":0,"51":0,"52":0,"53":0,"54":0,"55":0,"56":0,"57":0,"58":0,"59":0,"60":0,"61":0,"62":0,"63":0,"64":0,"65":0,"66":0,"67":0,"68":0,"69":0,"70":0,"71":0,"72":0,"73":0,"74":0,"75":0,"76":0,"77":0,"78":0,"79":0,"80":0,"81":0,"82":0,"83":0,"84":0,"85":0,"86":0,"87":0,"88":0,"89":0,"90":0,"91":0,"92":0,"93":0,"94":0,"95":0,"96":0,"97":0,"98":0,"99":0,"100":0,"101":0,"102":0,"103":0,"104":0,"105":0,"106":0,"107":0,"108":0,"109":0,"110":0,"111":0,"112":0,"113":0,"114":0,"115":0,"116":0,"117":0,"118":0,"119":0,"120":0,"121":0,"122":0,"123":0,"124":0,"125":0,"126":0,"127":0,"128":0,"129":0,"130":0,"131":0,"132":0,"133":0,"134":0,"135":0,"136":0,"137":0,"138":0,"139":0,"140":0,"141":0,"142":0,"143":0,"144":0,"145":0,"146":0,"147":0,"148":0,"149":0,"150":0,"151":0,"152":0,"153":0,"154":0,"155":0,"156":0,"157":0,"158":0,"159":0,"160":0,"161":0,"162":0,"163":0,"164":0,"165":0,"166":0,"167":0,"168":0,"169":0,"170":0,"171":0,"172":0,"173":0,"174":0,"175":0,"176":0,"177":0,"178":0,"179":0,"180":0,"181":0,"182":0,"183":0,"184":0,"185":0,"186":0,"187":0,"188":0,"189":0,"190":0,"191":0,"192":0,"193":0,"194":0,"195":0,"196":0,"197":0,"198":0,"199":0,"200":0,"201":0,"202":0,"203":0,"204":0,"205":0,"206":0,"207":0,"208":0,"209":0,"210":0,"211":0,"212":0,"213":0,"214":0,"215":0,"216":0,"217":0,"218":0,"219":0,"220":0,"221":0,"222":0,"223":0,"224":0,"225":0},"f":{"0":0,"1":0,"2":0,"3":0,"4":0,"5":0,"6":0,"7":0,"8":0,"9":0,"10":0,"11":0,"12":0,"13":0,"14":0,"15":0,"16":0,"17":0,"18":0,"19":0,"20":0,"21":0},"b":{"0":[0],"1":[0],"2":[0],"3":[0],"4":[0,0,0],"5":[0],"6":[0],"7":[0,0],"8":[0],"9":[0],"10":[0],"11":[0,0],"12":[0],"13":[0,0],"14":[0],"15":[0],"16":[0],"17":[0,0,0],"18":[0],"19":[0],"20":[0,0,0],"21":[0],"22":[0,0],"23":[0],"24":[0,0],"25":[0,0],"26":[0,0],"27":[0,0],"28":[0],"29":[0],"30":[0,0,0],"31":[0],"32":[0],"33":[0,0],"34":[0],"35":[0,0],"36":[0],"37":[0,0],"38":[0],"39":[0,0,0],"40":[0],"41":[0],"42":[0],"43":[0],"44":[0],"45":[0],"46":[0],"47":[0],"48":[0,0],"49":[0,0],"50":[0],"51":[0,0],"52":[0,0],"53":[0,0,0],"54":[0,0],"55":[0,0,0],"56":[0,0],"57":[0,0],"58":[0,0,0,0],"59":[0,0],"60":[0,0],"61":[0,0],"62":[0,0]}}
,"C:\\Users\\User\\Documents\\Projects\\gifyd\\src\\components\\CaptionOptions.tsx": {"path":"C:\\Users\\User\\Documents\\Projects\\gifyd\\src\\components\\CaptionOptions.tsx","statementMap":{"0":{"start":{"line":1,"column":0},"end":{"line":1,"column":45}},"1":{"start":{"line":3,"column":0},"end":{"line":3,"column":45}},"2":{"start":{"line":4,"column":0},"end":{"line":4,"column":41}},"3":{"start":{"line":5,"column":0},"end":{"line":5,"column":49}},"4":{"start":{"line":6,"column":0},"end":{"line":6,"column":41}},"5":{"start":{"line":35,"column":23},"end":{"line":141,"column":2}},"6":{"start":{"line":45,"column":5},"end":{"line":45,"column":10}},"7":{"start":{"line":47,"column":1},"end":{"line":140,"column":null}},"8":{"start":{"line":67,"column":10},"end":{"line":70,"column":null}},"9":{"start":{"line":81,"column":9},"end":{"line":82,"column":null}},"10":{"start":{"line":97,"column":9},"end":{"line":98,"column":null}},"11":{"start":{"line":115,"column":9},"end":{"line":116,"column":null}},"12":{"start":{"line":127,"column":8},"end":{"line":128,"column":null}},"13":{"start":{"line":143,"column":0},"end":{"line":143,"column":null}}},"fnMap":{"0":{"name":"CaptionOptions","decl":{"start":{"line":35,"column":43},"end":{"line":35,"column":57}},"loc":{"start":{"line":35,"column":70},"end":{"line":141,"column":1}}},"1":{"name":"(anonymous_1)","decl":{"start":{"line":66,"column":19},"end":{"line":66,"column":20}},"loc":{"start":{"line":66,"column":25},"end":{"line":71,"column":10}}},"2":{"name":"(anonymous_2)","decl":{"start":{"line":80,"column":27},"end":{"line":80,"column":28}},"loc":{"start":{"line":81,"column":9},"end":{"line":82,"column":null}}},"3":{"name":"(anonymous_3)","decl":{"start":{"line":96,"column":23},"end":{"line":96,"column":24}},"loc":{"start":{"line":97,"column":9},"end":{"line":98,"column":null}}},"4":{"name":"(anonymous_4)","decl":{"start":{"line":114,"column":23},"end":{"line":114,"column":24}},"loc":{"start":{"line":115,"column":9},"end":{"line":116,"column":null}}},"5":{"name":"(anonymous_5)","decl":{"start":{"line":126,"column":7},"end":{"line":126,"column":8}},"loc":{"start":{"line":127,"column":8},"end":{"line":128,"column":null}}}},"branchMap":{},"s":{"0":0,"1":0,"2":0,"3":0,"4":0,"5":0,"6":0,"7":0,"8":0,"9":0,"10":0,"11":0,"12":0,"13":0},"f":{"0":0,"1":0,"2":0,"3":0,"4":0,"5":0},"b":{}}
,"C:\\Users\\User\\Documents\\Projects\\gifyd\\src\\components\\EditOptions.tsx": {"path":"C:\\Users\\User\\Documents\\Projects\\gifyd\\src\\components\\EditOptions.tsx","statementMap":{"0":{"start":{"line":1,"column":0},"end":{"line":1,"column":25}},"1":{"start":{"line":15,"column":20},"end":{"line":87,"column":2}},"2":{"start":{"line":26,"column":6},"end":{"line":26,"column":11}},"3":{"start":{"line":28,"column":2},"end":{"line":86,"column":null}},"4":{"start":{"line":44,"column":14},"end":{"line":44,"column":null}},"5":{"start":{"line":61,"column":14},"end":{"line":61,"column":null}},"6":{"start":{"line":79,"column":14},"end":{"line":79,"column":null}},"7":{"start":{"line":89,"column":0},"end":{"line":89,"column":null}}},"fnMap":{"0":{"name":"EditOptions","decl":{"start":{"line":15,"column":40},"end":{"line":15,"column":51}},"loc":{"start":{"line":15,"column":64},"end":{"line":87,"column":1}}},"1":{"name":"(anonymous_1)","decl":{"start":{"line":43,"column":22},"end":{"line":43,"column":23}},"loc":{"start":{"line":43,"column":28},"end":{"line":45,"column":13}}},"2":{"name":"(anonymous_2)","decl":{"start":{"line":60,"column":22},"end":{"line":60,"column":23}},"loc":{"start":{"line":60,"column":28},"end":{"line":62,"column":13}}},"3":{"name":"(anonymous_3)","decl":{"start":{"line":78,"column":22},"end":{"line":78,"column":23}},"loc":{"start":{"line":78,"column":28},"end":{"line":80,"column":13}}}},"branchMap":{},"s":{"0":0,"1":0,"2":0,"3":0,"4":0,"5":0,"6":0,"7":0},"f":{"0":0,"1":0,"2":0,"3":0},"b":{}}
,"C:\\Users\\User\\Documents\\Projects\\gifyd\\src\\components\\ErrorBoundary.tsx": {"path":"C:\\Users\\User\\Documents\\Projects\\gifyd\\src\\components\\ErrorBoundary.tsx","statementMap":{"0":{"start":{"line":1,"column":0},"end":{"line":1,"column":25}},"1":{"start":{"line":12,"column":16},"end":{"line":12,"column":53}},"2":{"start":{"line":15,"column":2},"end":{"line":15,"column":null}},"3":{"start":{"line":19,"column":2},"end":{"line":29,"column":3}},"4":{"start":{"line":20,"column":3},"end":{"line":28,"column":null}},"5":{"start":{"line":24,"column":28},"end":{"line":24,"column":52}},"6":{"start":{"line":30,"column":2},"end":{"line":30,"column":null}},"7":{"start":{"line":34,"column":0},"end":{"line":34,"column":null}}},"fnMap":{"0":{"name":"(anonymous_0)","decl":{"start":{"line":14,"column":1},"end":{"line":14,"column":7}},"loc":{"start":{"line":14,"column":45},"end":{"line":16,"column":2}}},"1":{"name":"(anonymous_1)","decl":{"start":{"line":18,"column":1},"end":{"line":18,"column":7}},"loc":{"start":{"line":18,"column":7},"end":{"line":31,"column":2}}},"2":{"name":"(anonymous_2)","decl":{"start":{"line":24,"column":22},"end":{"line":24,"column":25}},"loc":{"start":{"line":24,"column":28},"end":{"line":24,"column":52}}}},"branchMap":{"0":{"loc":{"start":{"line":19,"column":2},"end":{"line":29,"column":3}},"type":"if","locations":[{"start":{"line":19,"column":2},"end":{"line":29,"column":3}}]}},"s":{"0":0,"1":0,"2":0,"3":0,"4":0,"5":0,"6":0,"7":0},"f":{"0":0,"1":0,"2":0},"b":{"0":[0]}}
,"C:\\Users\\User\\Documents\\Projects\\gifyd\\src\\components\\FilterOptions.tsx": {"path":"C:\\Users\\User\\Documents\\Projects\\gifyd\\src\\components\\FilterOptions.tsx","statementMap":{"0":{"start":{"line":1,"column":0},"end":{"line":1,"column":25}},"1":{"start":{"line":4,"column":0},"end":{"line":4,"column":48}},"2":{"start":{"line":23,"column":22},"end":{"line":63,"column":1}},"3":{"start":{"line":31,"column":2},"end":{"line":62,"column":null}},"4":{"start":{"line":36,"column":12},"end":{"line":36,"column":34}},"5":{"start":{"line":53,"column":12},"end":{"line":53,"column":null}},"6":{"start":{"line":65,"column":0},"end":{"line":65,"column":null}}},"fnMap":{"0":{"name":"(anonymous_0)","decl":{"start":{"line":23,"column":22},"end":{"line":23,"column":23}},"loc":{"start":{"line":30,"column":12},"end":{"line":63,"column":1}}},"1":{"name":"(anonymous_1)","decl":{"start":{"line":35,"column":10},"end":{"line":35,"column":11}},"loc":{"start":{"line":36,"column":12},"end":{"line":36,"column":34}}},"2":{"name":"(anonymous_2)","decl":{"start":{"line":52,"column":10},"end":{"line":52,"column":11}},"loc":{"start":{"line":53,"column":12},"end":{"line":53,"column":null}}}},"branchMap":{"0":{"loc":{"start":{"line":54,"column":15},"end":{"line":55,"column":null}},"type":"binary-expr","locations":[{"start":{"line":54,"column":15},"end":{"line":54,"column":46}},{"start":{"line":55,"column":16},"end":{"line":55,"column":59}}]}},"s":{"0":0,"1":0,"2":0,"3":0,"4":0,"5":0,"6":0},"f":{"0":0,"1":0,"2":0},"b":{"0":[0,0]}}
,"C:\\Users\\User\\Documents\\Projects\\gifyd\\src\\components\\GifResult.tsx": {"path":"C:\\Users\\User\\Documents\\Projects\\gifyd\\src\\components\\GifResult.tsx","statementMap":{"0":{"start":{"line":1,"column":0},"end":{"line":1,"column":55}},"1":{"start":{"line":2,"column":0},"end":{"line":2,"column":37}},"2":{"start":{"line":11,"column":18},"end":{"line":66,"column":1}},"3":{"start":{"line":13,"column":33},"end":{"line":13,"column":45}},"4":{"start":{"line":15,"column":1},"end":{"line":65,"column":null}},"5":{"start":{"line":34,"column":8},"end":{"line":34,"column":null}},"6":{"start":{"line":46,"column":8},"end":{"line":46,"column":null}},"7":{"start":{"line":68,"column":0},"end":{"line":68,"column":null}}},"fnMap":{"0":{"name":"(anonymous_0)","decl":{"start":{"line":11,"column":18},"end":{"line":11,"column":19}},"loc":{"start":{"line":11,"column":77},"end":{"line":66,"column":1}}},"1":{"name":"(anonymous_1)","decl":{"start":{"line":33,"column":17},"end":{"line":33,"column":18}},"loc":{"start":{"line":33,"column":23},"end":{"line":35,"column":8}}},"2":{"name":"(anonymous_2)","decl":{"start":{"line":45,"column":20},"end":{"line":45,"column":23}},"loc":{"start":{"line":45,"column":25},"end":{"line":47,"column":8}}}},"branchMap":{"0":{"loc":{"start":{"line":53,"column":17},"end":{"line":53,"column":58}},"type":"cond-expr","locations":[{"start":{"line":53,"column":39},"end":{"line":53,"column":47}},{"start":{"line":53,"column":50},"end":{"line":53,"column":58}}]}},"s":{"0":0,"1":0,"2":0,"3":0,"4":0,"5":0,"6":0,"7":0},"f":{"0":0,"1":0,"2":0},"b":{"0":[0,0]}}
,"C:\\Users\\User\\Documents\\Projects\\gifyd\\src\\components\\MainSettingsButton.tsx": {"path":"C:\\Users\\User\\Documents\\Projects\\gifyd\\src\\components\\MainSettingsButton.tsx","statementMap":{"0":{"start":{"line":1,"column":0},"end":{"line":1,"column":25}},"1":{"start":{"line":3,"column":0},"end":{"line":3,"column":37}},"2":{"start":{"line":17,"column":27},"end":{"line":54,"column":1}},"3":{"start":{"line":26,"column":21},"end":{"line":40,"column":2}},"4":{"start":{"line":27,"column":2},"end":{"line":39,"column":3}},"5":{"start":{"line":28,"column":3},"end":{"line":32,"column":null}},"6":{"start":{"line":29,"column":17},"end":{"line":29,"column":25}},"7":{"start":{"line":30,"column":4},"end":{"line":30,"column":null}},"8":{"start":{"line":31,"column":4},"end":{"line":31,"column":null}},"9":{"start":{"line":33,"column":3},"end":{"line":33,"column":null}},"10":{"start":{"line":35,"column":3},"end":{"line":37,"column":null}},"11":{"start":{"line":36,"column":4},"end":{"line":36,"column":null}},"12":{"start":{"line":36,"column":31},"end":{"line":36,"column":46}},"13":{"start":{"line":38,"column":3},"end":{"line":38,"column":null}},"14":{"start":{"line":42,"column":1},"end":{"line":53,"column":null}},"15":{"start":{"line":56,"column":0},"end":{"line":56,"column":null}}},"fnMap":{"0":{"name":"(anonymous_0)","decl":{"start":{"line":17,"column":27},"end":{"line":17,"column":28}},"loc":{"start":{"line":25,"column":12},"end":{"line":54,"column":1}}},"1":{"name":"(anonymous_1)","decl":{"start":{"line":26,"column":21},"end":{"line":26,"column":24}},"loc":{"start":{"line":26,"column":26},"end":{"line":40,"column":2}}},"2":{"name":"(anonymous_2)","decl":{"start":{"line":28,"column":16},"end":{"line":28,"column":17}},"loc":{"start":{"line":28,"column":24},"end":{"line":32,"column":4}}},"3":{"name":"(anonymous_3)","decl":{"start":{"line":35,"column":16},"end":{"line":35,"column":17}},"loc":{"start":{"line":35,"column":24},"end":{"line":37,"column":4}}},"4":{"name":"(anonymous_4)","decl":{"start":{"line":36,"column":19},"end":{"line":36,"column":20}},"loc":{"start":{"line":36,"column":31},"end":{"line":36,"column":46}}}},"branchMap":{"0":{"loc":{"start":{"line":27,"column":2},"end":{"line":39,"column":3}},"type":"if","locations":[{"start":{"line":27,"column":2},"end":{"line":39,"column":3}},{"start":{"line":34,"column":9},"end":{"line":39,"column":3}}]}},"s":{"0":0,"1":0,"2":0,"3":0,"4":0,"5":0,"6":0,"7":0,"8":0,"9":0,"10":0,"11":0,"12":0,"13":0,"14":0,"15":0},"f":{"0":0,"1":0,"2":0,"3":0,"4":0},"b":{"0":[0,0]}}
,"C:\\Users\\User\\Documents\\Projects\\gifyd\\src\\components\\UploadedVideo.tsx": {"path":"C:\\Users\\User\\Documents\\Projects\\gifyd\\src\\components\\UploadedVideo.tsx","statementMap":{"0":{"start":{"line":1,"column":0},"end":{"line":1,"column":25}},"1":{"start":{"line":3,"column":0},"end":{"line":3,"column":53}},"2":{"start":{"line":4,"column":0},"end":{"line":4,"column":56}},"3":{"start":{"line":38,"column":22},"end":{"line":132,"column":1}},"4":{"start":{"line":55,"column":1},"end":{"line":131,"column":null}},"5":{"start":{"line":72,"column":6},"end":{"line":72,"column":null}},"6":{"start":{"line":75,"column":6},"end":{"line":75,"column":null}},"7":{"start":{"line":79,"column":6},"end":{"line":82,"column":7}},"8":{"start":{"line":80,"column":7},"end":{"line":80,"column":null}},"9":{"start":{"line":81,"column":7},"end":{"line":81,"column":null}},"10":{"start":{"line":85,"column":6},"end":{"line":90,"column":7}},"11":{"start":{"line":86,"column":7},"end":{"line":86,"column":null}},"12":{"start":{"line":87,"column":7},"end":{"line":87,"column":null}},"13":{"start":{"line":89,"column":7},"end":{"line":89,"column":null}},"14":{"start":{"line":134,"column":0},"end":{"line":134,"column":null}}},"fnMap":{"0":{"name":"(anonymous_0)","decl":{"start":{"line":38,"column":22},"end":{"line":38,"column":23}},"loc":{"start":{"line":53,"column":12},"end":{"line":132,"column":1}}},"1":{"name":"(anonymous_1)","decl":{"start":{"line":70,"column":19},"end":{"line":70,"column":22}},"loc":{"start":{"line":70,"column":24},"end":{"line":73,"column":6}}},"2":{"name":"(anonymous_2)","decl":{"start":{"line":74,"column":13},"end":{"line":74,"column":16}},"loc":{"start":{"line":74,"column":18},"end":{"line":76,"column":6}}},"3":{"name":"(anonymous_3)","decl":{"start":{"line":77,"column":14},"end":{"line":77,"column":19}},"loc":{"start":{"line":77,"column":25},"end":{"line":91,"column":6}}}},"branchMap":{"0":{"loc":{"start":{"line":79,"column":6},"end":{"line":82,"column":7}},"type":"if","locations":[{"start":{"line":79,"column":6},"end":{"line":82,"column":7}}]},"1":{"loc":{"start":{"line":98,"column":4},"end":{"line":98,"column":43}},"type":"binary-expr","locations":[{"start":{"line":98,"column":4},"end":{"line":98,"column":22}},{"start":{"line":98,"column":26},"end":{"line":98,"column":43}}]},"2":{"loc":{"start":{"line":110,"column":10},"end":{"line":110,"column":40}},"type":"binary-expr","locations":[{"start":{"line":110,"column":10},"end":{"line":110,"column":27}},{"start":{"line":110,"column":31},"end":{"line":110,"column":40}}]},"3":{"loc":{"start":{"line":111,"column":12},"end":{"line":111,"column":70}},"type":"binary-expr","locations":[{"start":{"line":111,"column":12},"end":{"line":111,"column":34}},{"start":{"line":111,"column":38},"end":{"line":111,"column":65}},{"start":{"line":111,"column":69},"end":{"line":111,"column":70}}]},"4":{"loc":{"start":{"line":112,"column":13},"end":{"line":112,"column":73}},"type":"binary-expr","locations":[{"start":{"line":112,"column":13},"end":{"line":112,"column":36}},{"start":{"line":112,"column":40},"end":{"line":112,"column":68}},{"start":{"line":112,"column":72},"end":{"line":112,"column":73}}]},"5":{"loc":{"start":{"line":126,"column":18},"end":{"line":126,"column":45}},"type":"binary-expr","locations":[{"start":{"line":126,"column":18},"end":{"line":126,"column":32}},{"start":{"line":126,"column":36},"end":{"line":126,"column":45}}]},"6":{"loc":{"start":{"line":127,"column":19},"end":{"line":127,"column":47}},"type":"binary-expr","locations":[{"start":{"line":127,"column":19},"end":{"line":127,"column":34}},{"start":{"line":127,"column":38},"end":{"line":127,"column":47}}]}},"s":{"0":0,"1":0,"2":0,"3":0,"4":0,"5":0,"6":0,"7":0,"8":0,"9":0,"10":0,"11":0,"12":0,"13":0,"14":0},"f":{"0":0,"1":0,"2":0,"3":0},"b":{"0":[0],"1":[0,0],"2":[0,0],"3":[0,0,0],"4":[0,0,0],"5":[0,0],"6":[0,0]}}
,"C:\\Users\\User\\Documents\\Projects\\gifyd\\src\\components\\Caption\\CaptionPreview.tsx": {"path":"C:\\Users\\User\\Documents\\Projects\\gifyd\\src\\components\\Caption\\CaptionPreview.tsx","statementMap":{"0":{"start":{"line":1,"column":0},"end":{"line":1,"column":59}},"1":{"start":{"line":2,"column":0},"end":{"line":2,"column":60}},"2":{"start":{"line":4,"column":0},"end":{"line":4,"column":75}},"3":{"start":{"line":20,"column":22},"end":{"line":20,"column":54}},"4":{"start":{"line":21,"column":19},"end":{"line":21,"column":49}},"5":{"start":{"line":25,"column":1},"end":{"line":25,"column":null}},"6":{"start":{"line":25,"column":18},"end":{"line":25,"column":null}},"7":{"start":{"line":26,"column":1},"end":{"line":26,"column":null}},"8":{"start":{"line":27,"column":17},"end":{"line":27,"column":45}},"9":{"start":{"line":29,"column":15},"end":{"line":29,"column":33}},"10":{"start":{"line":30,"column":16},"end":{"line":30,"column":67}},"11":{"start":{"line":31,"column":17},"end":{"line":31,"column":69}},"12":{"start":{"line":32,"column":16},"end":{"line":32,"column":32}},"13":{"start":{"line":34,"column":1},"end":{"line":34,"column":null}},"14":{"start":{"line":37,"column":23},"end":{"line":301,"column":2}},"15":{"start":{"line":46,"column":17},"end":{"line":46,"column":57}},"16":{"start":{"line":49,"column":25},"end":{"line":49,"column":36}},"17":{"start":{"line":52,"column":1},"end":{"line":69,"column":null}},"18":{"start":{"line":53,"column":18},"end":{"line":53,"column":23}},"19":{"start":{"line":55,"column":20},"end":{"line":63,"column":3}},"20":{"start":{"line":56,"column":3},"end":{"line":62,"column":4}},"21":{"start":{"line":57,"column":4},"end":{"line":59,"column":5}},"22":{"start":{"line":58,"column":5},"end":{"line":58,"column":null}},"23":{"start":{"line":61,"column":4},"end":{"line":61,"column":null}},"24":{"start":{"line":61,"column":20},"end":{"line":61,"column":null}},"25":{"start":{"line":61,"column":35},"end":{"line":61,"column":40}},"26":{"start":{"line":65,"column":2},"end":{"line":65,"column":null}},"27":{"start":{"line":66,"column":2},"end":{"line":68,"column":null}},"28":{"start":{"line":67,"column":3},"end":{"line":67,"column":null}},"29":{"start":{"line":72,"column":1},"end":{"line":79,"column":null}},"30":{"start":{"line":73,"column":13},"end":{"line":73,"column":31}},"31":{"start":{"line":74,"column":2},"end":{"line":74,"column":58}},"32":{"start":{"line":74,"column":52},"end":{"line":74,"column":58}},"33":{"start":{"line":76,"column":13},"end":{"line":76,"column":60}},"34":{"start":{"line":76,"column":38},"end":{"line":76,"column":59}},"35":{"start":{"line":76,"column":53},"end":{"line":76,"column":58}},"36":{"start":{"line":77,"column":2},"end":{"line":77,"column":null}},"37":{"start":{"line":78,"column":2},"end":{"line":78,"column":null}},"38":{"start":{"line":78,"column":15},"end":{"line":78,"column":30}},"39":{"start":{"line":81,"column":16},"end":{"line":81,"column":47}},"40":{"start":{"line":82,"column":17},"end":{"line":82,"column":49}},"41":{"start":{"line":86,"column":2},"end":{"line":89,"column":3}},"42":{"start":{"line":92,"column":2},"end":{"line":95,"column":3}},"43":{"start":{"line":98,"column":18},"end":{"line":98,"column":36}},"44":{"start":{"line":99,"column":20},"end":{"line":99,"column":53}},"45":{"start":{"line":102,"column":2},"end":{"line":102,"column":72}},"46":{"start":{"line":104,"column":2},"end":{"line":104,"column":75}},"47":{"start":{"line":108,"column":2},"end":{"line":108,"column":68}},"48":{"start":{"line":110,"column":2},"end":{"line":110,"column":71}},"49":{"start":{"line":112,"column":22},"end":{"line":112,"column":56}},"50":{"start":{"line":113,"column":15},"end":{"line":113,"column":42}},"51":{"start":{"line":114,"column":15},"end":{"line":114,"column":42}},"52":{"start":{"line":115,"column":18},"end":{"line":115,"column":58}},"53":{"start":{"line":116,"column":20},"end":{"line":116,"column":43}},"54":{"start":{"line":117,"column":24},"end":{"line":117,"column":63}},"55":{"start":{"line":118,"column":25},"end":{"line":118,"column":65}},"56":{"start":{"line":122,"column":38},"end":{"line":160,"column":3}},"57":{"start":{"line":124,"column":3},"end":{"line":124,"column":71}},"58":{"start":{"line":126,"column":17},"end":{"line":126,"column":59}},"59":{"start":{"line":127,"column":13},"end":{"line":127,"column":21}},"60":{"start":{"line":130,"column":2},"end":{"line":146,"column":3}},"61":{"start":{"line":130,"column":15},"end":{"line":130,"column":16}},"62":{"start":{"line":131,"column":15},"end":{"line":136,"column":null}},"63":{"start":{"line":138,"column":21},"end":{"line":138,"column":48}},"64":{"start":{"line":139,"column":3},"end":{"line":139,"column":59}},"65":{"start":{"line":139,"column":54},"end":{"line":139,"column":59}},"66":{"start":{"line":141,"column":3},"end":{"line":141,"column":null}},"67":{"start":{"line":142,"column":3},"end":{"line":142,"column":null}},"68":{"start":{"line":144,"column":3},"end":{"line":144,"column":45}},"69":{"start":{"line":144,"column":40},"end":{"line":144,"column":45}},"70":{"start":{"line":145,"column":3},"end":{"line":145,"column":null}},"71":{"start":{"line":148,"column":2},"end":{"line":152,"column":null}},"72":{"start":{"line":163,"column":1},"end":{"line":163,"column":null}},"73":{"start":{"line":163,"column":15},"end":{"line":163,"column":null}},"74":{"start":{"line":166,"column":18},"end":{"line":171,"column":null}},"75":{"start":{"line":173,"column":13},"end":{"line":173,"column":38}},"76":{"start":{"line":174,"column":13},"end":{"line":174,"column":38}},"77":{"start":{"line":177,"column":19},"end":{"line":179,"column":37}},"78":{"start":{"line":181,"column":18},"end":{"line":183,"column":38}},"79":{"start":{"line":186,"column":1},"end":{"line":199,"column":2}},"80":{"start":{"line":187,"column":18},"end":{"line":188,"column":null}},"81":{"start":{"line":188,"column":10},"end":{"line":188,"column":66}},"82":{"start":{"line":191,"column":18},"end":{"line":191,"column":63}},"83":{"start":{"line":193,"column":2},"end":{"line":198,"column":null}},"84":{"start":{"line":194,"column":3},"end":{"line":194,"column":null}},"85":{"start":{"line":195,"column":7},"end":{"line":198,"column":null}},"86":{"start":{"line":196,"column":3},"end":{"line":197,"column":null}},"87":{"start":{"line":198,"column":7},"end":{"line":198,"column":null}},"88":{"start":{"line":201,"column":1},"end":{"line":201,"column":null}},"89":{"start":{"line":201,"column":28},"end":{"line":201,"column":null}},"90":{"start":{"line":204,"column":22},"end":{"line":204,"column":36}},"91":{"start":{"line":205,"column":22},"end":{"line":205,"column":36}},"92":{"start":{"line":206,"column":24},"end":{"line":206,"column":47}},"93":{"start":{"line":207,"column":24},"end":{"line":207,"column":47}},"94":{"start":{"line":209,"column":16},"end":{"line":209,"column":49}},"95":{"start":{"line":210,"column":17},"end":{"line":210,"column":50}},"96":{"start":{"line":212,"column":29},"end":{"line":212,"column":49}},"97":{"start":{"line":213,"column":28},"end":{"line":213,"column":47}},"98":{"start":{"line":215,"column":23},"end":{"line":215,"column":59}},"99":{"start":{"line":216,"column":22},"end":{"line":216,"column":57}},"100":{"start":{"line":219,"column":1},"end":{"line":228,"column":2}},"101":{"start":{"line":220,"column":2},"end":{"line":220,"column":null}},"102":{"start":{"line":221,"column":2},"end":{"line":221,"column":null}},"103":{"start":{"line":223,"column":2},"end":{"line":227,"column":null}},"104":{"start":{"line":230,"column":1},"end":{"line":239,"column":2}},"105":{"start":{"line":231,"column":2},"end":{"line":231,"column":null}},"106":{"start":{"line":232,"column":2},"end":{"line":232,"column":null}},"107":{"start":{"line":234,"column":2},"end":{"line":238,"column":null}},"108":{"start":{"line":241,"column":25},"end":{"line":241,"column":62}},"109":{"start":{"line":243,"column":12},"end":{"line":247,"column":25}},"110":{"start":{"line":249,"column":15},"end":{"line":251,"column":26}},"111":{"start":{"line":253,"column":1},"end":{"line":300,"column":null}},"112":{"start":{"line":303,"column":0},"end":{"line":303,"column":null}}},"fnMap":{"0":{"name":"measureText","decl":{"start":{"line":24,"column":9},"end":{"line":24,"column":20}},"loc":{"start":{"line":24,"column":73},"end":{"line":35,"column":1}}},"1":{"name":"CaptionPreview","decl":{"start":{"line":37,"column":43},"end":{"line":37,"column":57}},"loc":{"start":{"line":44,"column":8},"end":{"line":301,"column":1}}},"2":{"name":"(anonymous_2)","decl":{"start":{"line":52,"column":11},"end":{"line":52,"column":14}},"loc":{"start":{"line":52,"column":16},"end":{"line":69,"column":2}}},"3":{"name":"(anonymous_3)","decl":{"start":{"line":55,"column":20},"end":{"line":55,"column":25}},"loc":{"start":{"line":55,"column":31},"end":{"line":63,"column":3}}},"4":{"name":"(anonymous_4)","decl":{"start":{"line":61,"column":28},"end":{"line":61,"column":29}},"loc":{"start":{"line":61,"column":35},"end":{"line":61,"column":40}}},"5":{"name":"(anonymous_5)","decl":{"start":{"line":66,"column":9},"end":{"line":66,"column":12}},"loc":{"start":{"line":66,"column":14},"end":{"line":68,"column":3}}},"6":{"name":"(anonymous_6)","decl":{"start":{"line":72,"column":11},"end":{"line":72,"column":14}},"loc":{"start":{"line":72,"column":16},"end":{"line":79,"column":2}}},"7":{"name":"(anonymous_7)","decl":{"start":{"line":76,"column":32},"end":{"line":76,"column":35}},"loc":{"start":{"line":76,"column":38},"end":{"line":76,"column":59}}},"8":{"name":"(anonymous_8)","decl":{"start":{"line":76,"column":46},"end":{"line":76,"column":47}},"loc":{"start":{"line":76,"column":53},"end":{"line":76,"column":58}}},"9":{"name":"(anonymous_9)","decl":{"start":{"line":78,"column":9},"end":{"line":78,"column":12}},"loc":{"start":{"line":78,"column":15},"end":{"line":78,"column":30}}},"10":{"name":"(anonymous_10)","decl":{"start":{"line":122,"column":46},"end":{"line":122,"column":49}},"loc":{"start":{"line":122,"column":51},"end":{"line":153,"column":2}}},"11":{"name":"(anonymous_11)","decl":{"start":{"line":188,"column":3},"end":{"line":188,"column":4}},"loc":{"start":{"line":188,"column":10},"end":{"line":188,"column":66}}}},"branchMap":{"0":{"loc":{"start":{"line":25,"column":1},"end":{"line":25,"column":null}},"type":"if","locations":[{"start":{"line":25,"column":1},"end":{"line":25,"column":null}}]},"1":{"loc":{"start":{"line":29,"column":15},"end":{"line":29,"column":33}},"type":"binary-expr","locations":[{"start":{"line":29,"column":15},"end":{"line":29,"column":28}},{"start":{"line":29,"column":32},"end":{"line":29,"column":33}}]},"2":{"loc":{"start":{"line":30,"column":16},"end":{"line":30,"column":67}},"type":"binary-expr","locations":[{"start":{"line":30,"column":16},"end":{"line":30,"column":47}},{"start":{"line":30,"column":51},"end":{"line":30,"column":67}}]},"3":{"loc":{"start":{"line":31,"column":17},"end":{"line":31,"column":69}},"type":"binary-expr","locations":[{"start":{"line":31,"column":17},"end":{"line":31,"column":49}},{"start":{"line":31,"column":53},"end":{"line":31,"column":69}}]},"4":{"loc":{"start":{"line":46,"column":24},"end":{"line":46,"column":49}},"type":"binary-expr","locations":[{"start":{"line":46,"column":24},"end":{"line":46,"column":43}},{"start":{"line":46,"column":47},"end":{"line":46,"column":49}}]},"5":{"loc":{"start":{"line":57,"column":4},"end":{"line":59,"column":5}},"type":"if","locations":[{"start":{"line":57,"column":4},"end":{"line":59,"column":5}}]},"6":{"loc":{"start":{"line":61,"column":4},"end":{"line":61,"column":null}},"type":"if","locations":[{"start":{"line":61,"column":4},"end":{"line":61,"column":null}}]},"7":{"loc":{"start":{"line":74,"column":2},"end":{"line":74,"column":58}},"type":"if","locations":[{"start":{"line":74,"column":2},"end":{"line":74,"column":58}}]},"8":{"loc":{"start":{"line":74,"column":6},"end":{"line":74,"column":50}},"type":"binary-expr","locations":[{"start":{"line":74,"column":6},"end":{"line":74,"column":9}},{"start":{"line":74,"column":13},"end":{"line":74,"column":50}}]},"9":{"loc":{"start":{"line":86,"column":2},"end":{"line":89,"column":3}},"type":"binary-expr","locations":[{"start":{"line":86,"column":2},"end":{"line":86,"column":13}},{"start":{"line":87,"column":2},"end":{"line":87,"column":28}},{"start":{"line":88,"column":2},"end":{"line":88,"column":29}},{"start":{"line":89,"column":2},"end":{"line":89,"column":3}}]},"10":{"loc":{"start":{"line":92,"column":2},"end":{"line":95,"column":3}},"type":"binary-expr","locations":[{"start":{"line":92,"column":2},"end":{"line":92,"column":14}},{"start":{"line":93,"column":2},"end":{"line":93,"column":29}},{"start":{"line":94,"column":2},"end":{"line":94,"column":30}},{"start":{"line":95,"column":2},"end":{"line":95,"column":3}}]},"11":{"loc":{"start":{"line":102,"column":2},"end":{"line":102,"column":72}},"type":"binary-expr","locations":[{"start":{"line":102,"column":2},"end":{"line":102,"column":19}},{"start":{"line":102,"column":23},"end":{"line":102,"column":44}},{"start":{"line":102,"column":48},"end":{"line":102,"column":67}},{"start":{"line":102,"column":71},"end":{"line":102,"column":72}}]},"12":{"loc":{"start":{"line":104,"column":2},"end":{"line":104,"column":75}},"type":"binary-expr","locations":[{"start":{"line":104,"column":2},"end":{"line":104,"column":20}},{"start":{"line":104,"column":24},"end":{"line":104,"column":46}},{"start":{"line":104,"column":50},"end":{"line":104,"column":70}},{"start":{"line":104,"column":74},"end":{"line":104,"column":75}}]},"13":{"loc":{"start":{"line":108,"column":2},"end":{"line":108,"column":68}},"type":"cond-expr","locations":[{"start":{"line":108,"column":28},"end":{"line":108,"column":64}},{"start":{"line":108,"column":67},"end":{"line":108,"column":68}}]},"14":{"loc":{"start":{"line":110,"column":2},"end":{"line":110,"column":71}},"type":"cond-expr","locations":[{"start":{"line":110,"column":29},"end":{"line":110,"column":67}},{"start":{"line":110,"column":70},"end":{"line":110,"column":71}}]},"15":{"loc":{"start":{"line":112,"column":29},"end":{"line":112,"column":55}},"type":"binary-expr","locations":[{"start":{"line":112,"column":29},"end":{"line":112,"column":49}},{"start":{"line":112,"column":53},"end":{"line":112,"column":55}}]},"16":{"loc":{"start":{"line":113,"column":22},"end":{"line":113,"column":41}},"type":"binary-expr","locations":[{"start":{"line":113,"column":22},"end":{"line":113,"column":35}},{"start":{"line":113,"column":39},"end":{"line":113,"column":41}}]},"17":{"loc":{"start":{"line":114,"column":22},"end":{"line":114,"column":41}},"type":"binary-expr","locations":[{"start":{"line":114,"column":22},"end":{"line":114,"column":35}},{"start":{"line":114,"column":39},"end":{"line":114,"column":41}}]},"18":{"loc":{"start":{"line":115,"column":25},"end":{"line":115,"column":57}},"type":"binary-expr","locations":[{"start":{"line":115,"column":25},"end":{"line":115,"column":41}},{"start":{"line":115,"column":45},"end":{"line":115,"column":57}}]},"19":{"loc":{"start":{"line":117,"column":31},"end":{"line":117,"column":62}},"type":"binary-expr","locations":[{"start":{"line":117,"column":31},"end":{"line":117,"column":57}},{"start":{"line":117,"column":61},"end":{"line":117,"column":62}}]},"20":{"loc":{"start":{"line":118,"column":32},"end":{"line":118,"column":64}},"type":"binary-expr","locations":[{"start":{"line":118,"column":32},"end":{"line":118,"column":59}},{"start":{"line":118,"column":63},"end":{"line":118,"column":64}}]},"21":{"loc":{"start":{"line":124,"column":3},"end":{"line":124,"column":71}},"type":"binary-expr","locations":[{"start":{"line":124,"column":3},"end":{"line":124,"column":23}},{"start":{"line":124,"column":27},"end":{"line":124,"column":71}}]},"22":{"loc":{"start":{"line":124,"column":40},"end":{"line":124,"column":70}},"type":"binary-expr","locations":[{"start":{"line":124,"column":40},"end":{"line":124,"column":64}},{"start":{"line":124,"column":68},"end":{"line":124,"column":70}}]},"23":{"loc":{"start":{"line":132,"column":7},"end":{"line":132,"column":31}},"type":"binary-expr","locations":[{"start":{"line":132,"column":7},"end":{"line":132,"column":26}},{"start":{"line":132,"column":30},"end":{"line":132,"column":31}}]},"24":{"loc":{"start":{"line":133,"column":7},"end":{"line":133,"column":32}},"type":"binary-expr","locations":[{"start":{"line":133,"column":7},"end":{"line":133,"column":27}},{"start":{"line":133,"column":31},"end":{"line":133,"column":32}}]},"25":{"loc":{"start":{"line":139,"column":3},"end":{"line":139,"column":59}},"type":"if","locations":[{"start":{"line":139,"column":3},"end":{"line":139,"column":59}}]},"26":{"loc":{"start":{"line":139,"column":7},"end":{"line":139,"column":52}},"type":"binary-expr","locations":[{"start":{"line":139,"column":7},"end":{"line":139,"column":34}},{"start":{"line":139,"column":38},"end":{"line":139,"column":52}}]},"27":{"loc":{"start":{"line":144,"column":3},"end":{"line":144,"column":45}},"type":"if","locations":[{"start":{"line":144,"column":3},"end":{"line":144,"column":45}}]},"28":{"loc":{"start":{"line":163,"column":1},"end":{"line":163,"column":null}},"type":"if","locations":[{"start":{"line":163,"column":1},"end":{"line":163,"column":null}}]},"29":{"loc":{"start":{"line":167,"column":5},"end":{"line":167,"column":29}},"type":"binary-expr","locations":[{"start":{"line":167,"column":5},"end":{"line":167,"column":24}},{"start":{"line":167,"column":28},"end":{"line":167,"column":29}}]},"30":{"loc":{"start":{"line":168,"column":5},"end":{"line":168,"column":30}},"type":"binary-expr","locations":[{"start":{"line":168,"column":5},"end":{"line":168,"column":25}},{"start":{"line":168,"column":29},"end":{"line":168,"column":30}}]},"31":{"loc":{"start":{"line":177,"column":19},"end":{"line":179,"column":37}},"type":"cond-expr","locations":[{"start":{"line":178,"column":4},"end":{"line":178,"column":7}},{"start":{"line":179,"column":4},"end":{"line":179,"column":37}}]},"32":{"loc":{"start":{"line":181,"column":18},"end":{"line":183,"column":38}},"type":"cond-expr","locations":[{"start":{"line":182,"column":4},"end":{"line":182,"column":7}},{"start":{"line":183,"column":4},"end":{"line":183,"column":38}}]},"33":{"loc":{"start":{"line":186,"column":1},"end":{"line":199,"column":2}},"type":"if","locations":[{"start":{"line":186,"column":1},"end":{"line":199,"column":2}}]},"34":{"loc":{"start":{"line":188,"column":10},"end":{"line":188,"column":66}},"type":"binary-expr","locations":[{"start":{"line":188,"column":10},"end":{"line":188,"column":38}},{"start":{"line":188,"column":42},"end":{"line":188,"column":66}}]},"35":{"loc":{"start":{"line":191,"column":18},"end":{"line":191,"column":63}},"type":"binary-expr","locations":[{"start":{"line":191,"column":19},"end":{"line":191,"column":26}},{"start":{"line":191,"column":30},"end":{"line":191,"column":50}},{"start":{"line":191,"column":55},"end":{"line":191,"column":63}}]},"36":{"loc":{"start":{"line":193,"column":2},"end":{"line":198,"column":null}},"type":"if","locations":[{"start":{"line":193,"column":2},"end":{"line":198,"column":null}},{"start":{"line":195,"column":7},"end":{"line":198,"column":null}}]},"37":{"loc":{"start":{"line":195,"column":7},"end":{"line":198,"column":null}},"type":"if","locations":[{"start":{"line":195,"column":7},"end":{"line":198,"column":null}},{"start":{"line":198,"column":7},"end":{"line":198,"column":null}}]},"38":{"loc":{"start":{"line":201,"column":1},"end":{"line":201,"column":null}},"type":"if","locations":[{"start":{"line":201,"column":1},"end":{"line":201,"column":null}}]},"39":{"loc":{"start":{"line":219,"column":1},"end":{"line":228,"column":2}},"type":"if","locations":[{"start":{"line":219,"column":1},"end":{"line":228,"column":2}},{"start":{"line":222,"column":8},"end":{"line":228,"column":2}}]},"40":{"loc":{"start":{"line":230,"column":1},"end":{"line":239,"column":2}},"type":"if","locations":[{"start":{"line":230,"column":1},"end":{"line":239,"column":2}},{"start":{"line":233,"column":8},"end":{"line":239,"column":2}}]},"41":{"loc":{"start":{"line":243,"column":12},"end":{"line":247,"column":25}},"type":"cond-expr","locations":[{"start":{"line":244,"column":4},"end":{"line":246,"column":6}},{"start":{"line":247,"column":4},"end":{"line":247,"column":25}}]},"42":{"loc":{"start":{"line":245,"column":4},"end":{"line":245,"column":null}},"type":"cond-expr","locations":[{"start":{"line":245,"column":39},"end":{"line":245,"column":54}},{"start":{"line":245,"column":57},"end":{"line":245,"column":null}}]},"43":{"loc":{"start":{"line":249,"column":15},"end":{"line":251,"column":26}},"type":"cond-expr","locations":[{"start":{"line":250,"column":4},"end":{"line":250,"column":51}},{"start":{"line":251,"column":4},"end":{"line":251,"column":26}}]}},"s":{"0":0,"1":0,"2":0,"3":0,"4":0,"5":0,"6":0,"7":0,"8":0,"9":0,"10":0,"11":0,"12":0,"13":0,"14":0,"15":0,"16":0,"17":0,"18":0,"19":0,"20":0,"21":0,"22":0,"23":0,"24":0,"25":0,"26":0,"27":0,"28":0,"29":0,"30":0,"31":0,"32":0,"33":0,"34":0,"35":0,"36":0,"37":0,"38":0,"39":0,"40":0,"41":0,"42":0,"43":0,"44":0,"45":0,"46":0,"47":0,"48":0,"49":0,"50":0,"51":0,"52":0,"53":0,"54":0,"55":0,"56":0,"57":0,"58":0,"59":0,"60":0,"61":0,"62":0,"63":0,"64":0,"65":0,"66":0,"67":0,"68":0,"69":0,"70":0,"71":0,"72":0,"73":0,"74":0,"75":0,"76":0,"77":0,"78":0,"79":0,"80":0,"81":0,"82":0,"83":0,"84":0,"85":0,"86":0,"87":0,"88":0,"89":0,"90":0,"91":0,"92":0,"93":0,"94":0,"95":0,"96":0,"97":0,"98":0,"99":0,"100":0,"101":0,"102":0,"103":0,"104":0,"105":0,"106":0,"107":0,"108":0,"109":0,"110":0,"111":0,"112":0},"f":{"0":0,"1":0,"2":0,"3":0,"4":0,"5":0,"6":0,"7":0,"8":0,"9":0,"10":0,"11":0},"b":{"0":[0],"1":[0,0],"2":[0,0],"3":[0,0],"4":[0,0],"5":[0],"6":[0],"7":[0],"8":[0,0],"9":[0,0,0,0],"10":[0,0,0,0],"11":[0,0,0,0],"12":[0,0,0,0],"13":[0,0],"14":[0,0],"15":[0,0],"16":[0,0],"17":[0,0],"18":[0,0],"19":[0,0],"20":[0,0],"21":[0,0],"22":[0,0],"23":[0,0],"24":[0,0],"25":[0],"26":[0,0],"27":[0],"28":[0],"29":[0,0],"30":[0,0],"31":[0,0],"32":[0,0],"33":[0],"34":[0,0],"35":[0,0,0],"36":[0,0],"37":[0,0],"38":[0],"39":[0,0],"40":[0,0],"41":[0,0],"42":[0,0],"43":[0,0]}}
,"C:\\Users\\User\\Documents\\Projects\\gifyd\\src\\components\\Caption\\TextColour.tsx": {"path":"C:\\Users\\User\\Documents\\Projects\\gifyd\\src\\components\\Caption\\TextColour.tsx","statementMap":{"0":{"start":{"line":1,"column":0},"end":{"line":1,"column":45}},"1":{"start":{"line":4,"column":20},"end":{"line":7,"column":null}},"2":{"start":{"line":16,"column":19},"end":{"line":77,"column":1}},"3":{"start":{"line":18,"column":20},"end":{"line":18,"column":53}},"4":{"start":{"line":19,"column":26},"end":{"line":19,"column":65}},"5":{"start":{"line":20,"column":16},"end":{"line":20,"column":75}},"6":{"start":{"line":22,"column":2},"end":{"line":76,"column":null}},"7":{"start":{"line":39,"column":14},"end":{"line":42,"column":null}},"8":{"start":{"line":66,"column":16},"end":{"line":69,"column":null}},"9":{"start":{"line":79,"column":0},"end":{"line":79,"column":null}}},"fnMap":{"0":{"name":"(anonymous_0)","decl":{"start":{"line":16,"column":19},"end":{"line":16,"column":20}},"loc":{"start":{"line":16,"column":91},"end":{"line":77,"column":1}}},"1":{"name":"(anonymous_1)","decl":{"start":{"line":38,"column":22},"end":{"line":38,"column":23}},"loc":{"start":{"line":38,"column":28},"end":{"line":43,"column":13}}},"2":{"name":"(anonymous_2)","decl":{"start":{"line":65,"column":24},"end":{"line":65,"column":25}},"loc":{"start":{"line":65,"column":30},"end":{"line":70,"column":15}}}},"branchMap":{"0":{"loc":{"start":{"line":47,"column":7},"end":{"line":73,"column":null}},"type":"binary-expr","locations":[{"start":{"line":47,"column":7},"end":{"line":47,"column":19}},{"start":{"line":47,"column":23},"end":{"line":47,"column":38}},{"start":{"line":48,"column":8},"end":{"line":72,"column":null}}]}},"s":{"0":1,"1":1,"2":1,"3":7,"4":7,"5":7,"6":7,"7":2,"8":1,"9":1},"f":{"0":7,"1":2,"2":1},"b":{"0":[7,4,4]}}
,"C:\\Users\\User\\Documents\\Projects\\gifyd\\src\\components\\Caption\\TextFont.tsx": {"path":"C:\\Users\\User\\Documents\\Projects\\gifyd\\src\\components\\Caption\\TextFont.tsx","statementMap":{"0":{"start":{"line":1,"column":0},"end":{"line":1,"column":45}},"1":{"start":{"line":11,"column":17},"end":{"line":38,"column":1}},"2":{"start":{"line":13,"column":2},"end":{"line":37,"column":null}},"3":{"start":{"line":21,"column":10},"end":{"line":24,"column":null}},"4":{"start":{"line":40,"column":0},"end":{"line":40,"column":null}}},"fnMap":{"0":{"name":"(anonymous_0)","decl":{"start":{"line":11,"column":17},"end":{"line":11,"column":18}},"loc":{"start":{"line":11,"column":78},"end":{"line":38,"column":1}}},"1":{"name":"(anonymous_1)","decl":{"start":{"line":20,"column":18},"end":{"line":20,"column":19}},"loc":{"start":{"line":20,"column":24},"end":{"line":25,"column":9}}}},"branchMap":{"0":{"loc":{"start":{"line":23,"column":18},"end":{"line":23,"column":62}},"type":"cond-expr","locations":[{"start":{"line":23,"column":37},"end":{"line":23,"column":43}},{"start":{"line":23,"column":46},"end":{"line":23,"column":62}}]},"1":{"loc":{"start":{"line":31,"column":10},"end":{"line":31,"column":null}},"type":"cond-expr","locations":[{"start":{"line":31,"column":40},"end":{"line":31,"column":49}},{"start":{"line":31,"column":52},"end":{"line":31,"column":null}}]}},"s":{"0":0,"1":0,"2":0,"3":0,"4":0},"f":{"0":0,"1":0},"b":{"0":[0,0],"1":[0,0]}}
,"C:\\Users\\User\\Documents\\Projects\\gifyd\\src\\components\\Caption\\TextPosition.tsx": {"path":"C:\\Users\\User\\Documents\\Projects\\gifyd\\src\\components\\Caption\\TextPosition.tsx","statementMap":{"0":{"start":{"line":1,"column":0},"end":{"line":1,"column":45}},"1":{"start":{"line":12,"column":21},"end":{"line":38,"column":1}},"2":{"start":{"line":13,"column":2},"end":{"line":37,"column":null}},"3":{"start":{"line":21,"column":10},"end":{"line":24,"column":null}},"4":{"start":{"line":40,"column":0},"end":{"line":40,"column":null}}},"fnMap":{"0":{"name":"(anonymous_0)","decl":{"start":{"line":12,"column":21},"end":{"line":12,"column":22}},"loc":{"start":{"line":12,"column":96},"end":{"line":38,"column":1}}},"1":{"name":"(anonymous_1)","decl":{"start":{"line":20,"column":18},"end":{"line":20,"column":19}},"loc":{"start":{"line":20,"column":24},"end":{"line":25,"column":9}}}},"branchMap":{"0":{"loc":{"start":{"line":23,"column":15},"end":{"line":23,"column":66}},"type":"cond-expr","locations":[{"start":{"line":23,"column":34},"end":{"line":23,"column":50}},{"start":{"line":23,"column":53},"end":{"line":23,"column":66}}]},"1":{"loc":{"start":{"line":31,"column":10},"end":{"line":31,"column":null}},"type":"cond-expr","locations":[{"start":{"line":31,"column":47},"end":{"line":31,"column":56}},{"start":{"line":31,"column":59},"end":{"line":31,"column":null}}]}},"s":{"0":0,"1":0,"2":0,"3":0,"4":0},"f":{"0":0,"1":0},"b":{"0":[0,0],"1":[0,0]}}
,"C:\\Users\\User\\Documents\\Projects\\gifyd\\src\\components\\Caption\\TextSize.tsx": {"path":"C:\\Users\\User\\Documents\\Projects\\gifyd\\src\\components\\Caption\\TextSize.tsx","statementMap":{"0":{"start":{"line":1,"column":0},"end":{"line":1,"column":66}},"1":{"start":{"line":2,"column":0},"end":{"line":2,"column":60}},"2":{"start":{"line":14,"column":17},"end":{"line":68,"column":1}},"3":{"start":{"line":16,"column":33},"end":{"line":16,"column":44}},"4":{"start":{"line":18,"column":1},"end":{"line":28,"column":null}},"5":{"start":{"line":19,"column":26},"end":{"line":26,"column":3}},"6":{"start":{"line":20,"column":3},"end":{"line":20,"column":30}},"7":{"start":{"line":20,"column":24},"end":{"line":20,"column":30}},"8":{"start":{"line":21,"column":19},"end":{"line":23,"column":null}},"9":{"start":{"line":25,"column":3},"end":{"line":25,"column":null}},"10":{"start":{"line":27,"column":2},"end":{"line":27,"column":null}},"11":{"start":{"line":30,"column":1},"end":{"line":67,"column":null}},"12":{"start":{"line":38,"column":5},"end":{"line":44,"column":null}},"13":{"start":{"line":46,"column":5},"end":{"line":46,"column":null}},"14":{"start":{"line":70,"column":0},"end":{"line":70,"column":null}}},"fnMap":{"0":{"name":"(anonymous_0)","decl":{"start":{"line":14,"column":17},"end":{"line":14,"column":18}},"loc":{"start":{"line":14,"column":96},"end":{"line":68,"column":1}}},"1":{"name":"(anonymous_1)","decl":{"start":{"line":18,"column":11},"end":{"line":18,"column":14}},"loc":{"start":{"line":18,"column":16},"end":{"line":28,"column":2}}},"2":{"name":"(anonymous_2)","decl":{"start":{"line":19,"column":26},"end":{"line":19,"column":31}},"loc":{"start":{"line":19,"column":37},"end":{"line":26,"column":3}}},"3":{"name":"(anonymous_3)","decl":{"start":{"line":37,"column":14},"end":{"line":37,"column":15}},"loc":{"start":{"line":37,"column":20},"end":{"line":47,"column":5}}}},"branchMap":{"0":{"loc":{"start":{"line":20,"column":3},"end":{"line":20,"column":30}},"type":"if","locations":[{"start":{"line":20,"column":3},"end":{"line":20,"column":30}}]},"1":{"loc":{"start":{"line":41,"column":7},"end"
[...]
art":{"line":30,"column":12},"end":{"line":30,"column":16}}]},"5":{"loc":{"start":{"line":37,"column":3},"end":{"line":39,"column":4}},"type":"if","locations":[{"start":{"line":37,"column":3},"end":{"line":39,"column":4}}]},"6":{"loc":{"start":{"line":37,"column":7},"end":{"line":37,"column":29}},"type":"binary-expr","locations":[{"start":{"line":37,"column":7},"end":{"line":37,"column":18}},{"start":{"line":37,"column":22},"end":{"line":37,"column":29}}]},"7":{"loc":{"start":{"line":42,"column":21},"end":{"line":44,"column":9}},"type":"cond-expr","locations":[{"start":{"line":43,"column":6},"end":{"line":43,"column":61}},{"start":{"line":44,"column":6},"end":{"line":44,"column":9}}]},"8":{"loc":{"start":{"line":43,"column":6},"end":{"line":43,"column":61}},"type":"binary-expr","locations":[{"start":{"line":43,"column":6},"end":{"line":43,"column":54}},{"start":{"line":43,"column":58},"end":{"line":43,"column":61}}]},"9":{"loc":{"start":{"line":46,"column":24},"end":{"line":48,"column":14}},"type":"cond-expr","locations":[{"start":{"line":47,"column":6},"end":{"line":47,"column":55}},{"start":{"line":48,"column":6},"end":{"line":48,"column":14}}]},"10":{"loc":{"start":{"line":51,"column":3},"end":{"line":59,"column":4}},"type":"if","locations":[{"start":{"line":51,"column":3},"end":{"line":59,"column":4}}]},"11":{"loc":{"start":{"line":52,"column":4},"end":{"line":57,"column":5}},"type":"if","locations":[{"start":{"line":52,"column":4},"end":{"line":57,"column":5}}]},"12":{"loc":{"start":{"line":52,"column":8},"end":{"line":52,"column":32}},"type":"binary-expr","locations":[{"start":{"line":52,"column":8},"end":{"line":52,"column":21}},{"start":{"line":52,"column":25},"end":{"line":52,"column":32}}]},"13":{"loc":{"start":{"line":65,"column":3},"end":{"line":67,"column":4}},"type":"if","locations":[{"start":{"line":65,"column":3},"end":{"line":67,"column":4}}]},"14":{"loc":{"start":{"line":65,"column":7},"end":{"line":65,"column":33}},"type":"binary-expr","locations":[{"start":{"line":65,"column":7},"end":{"line":65,"column":12}},{"start":{"line":65,"column":16},"end":{"line":65,"column":33}}]},"15":{"loc":{"start":{"line":69,"column":3},"end":{"line":75,"column":4}},"type":"if","locations":[{"start":{"line":69,"column":3},"end":{"line":75,"column":4}}]},"16":{"loc":{"start":{"line":82,"column":3},"end":{"line":109,"column":4}},"type":"if","locations":[{"start":{"line":82,"column":3},"end":{"line":109,"column":4}}]},"17":{"loc":{"start":{"line":83,"column":4},"end":{"line":102,"column":5}},"type":"if","locations":[{"start":{"line":83,"column":4},"end":{"line":102,"column":5}}]},"18":{"loc":{"start":{"line":91,"column":24},"end":{"line":93,"column":12}},"type":"cond-expr","locations":[{"start":{"line":92,"column":9},"end":{"line":92,"column":64}},{"start":{"line":93,"column":9},"end":{"line":93,"column":12}}]},"19":{"loc":{"start":{"line":92,"column":9},"end":{"line":92,"column":64}},"type":"binary-expr","locations":[{"start":{"line":92,"column":9},"end":{"line":92,"column":57}},{"start":{"line":92,"column":61},"end":{"line":92,"column":64}}]},"20":{"loc":{"start":{"line":106,"column":6},"end":{"line":106,"column":null}},"type":"cond-expr","locations":[{"start":{"line":106,"column":35},"end":{"line":106,"column":52}},{"start":{"line":106,"column":55},"end":{"line":106,"column":null}}]},"21":{"loc":{"start":{"line":130,"column":20},"end":{"line":132,"column":8}},"type":"cond-expr","locations":[{"start":{"line":131,"column":5},"end":{"line":131,"column":60}},{"start":{"line":132,"column":5},"end":{"line":132,"column":8}}]},"22":{"loc":{"start":{"line":131,"column":5},"end":{"line":131,"column":60}},"type":"binary-expr","locations":[{"start":{"line":131,"column":5},"end":{"line":131,"column":53}},{"start":{"line":131,"column":57},"end":{"line":131,"column":60}}]},"23":{"loc":{"start":{"line":134,"column":23},"end":{"line":136,"column":13}},"type":"cond-expr","locations":[{"start":{"line":135,"column":5},"end":{"line":135,"column":54}},{"start":{"line":136,"column":5},"end":{"line":136,"column":13}}]},"24":{"loc":{"start":{"line":155,"column":1},"end":{"line":159,"column":7}},"type":"default-arg","locations":[{"start":{"line":159,"column":5},"end":{"line":159,"column":7}}]},"25":{"loc":{"start":{"line":161,"column":9},"end":{"line":161,"column":23}},"type":"default-arg","locations":[{"start":{"line":161,"column":19},"end":{"line":161,"column":23}}]},"26":{"loc":{"start":{"line":161,"column":25},"end":{"line":161,"column":43}},"type":"default-arg","locations":[{"start":{"line":161,"column":40},"end":{"line":161,"column":43}}]},"27":{"loc":{"start":{"line":161,"column":45},"end":{"line":161,"column":59}},"type":"default-arg","locations":[{"start":{"line":161,"column":55},"end":{"line":161,"column":59}}]},"28":{"loc":{"start":{"line":166,"column":2},"end":{"line":175,"column":3}},"type":"if","locations":[{"start":{"line":166,"column":2},"end":{"line":175,"column":3}}]},"29":{"loc":{"start":{"line":167,"column":3},"end":{"line":173,"column":4}},"type":"if","locations":[{"start":{"line":167,"column":3},"end":{"line":173,"column":4}}]}},"s":{"0":1,"1":1,"2":1,"3":4,"4":4,"5":4,"6":4,"7":8,"8":8,"9":0,"10":8,"11":8,"12":8,"13":8,"14":8,"15":4,"16":0,"17":4,"18":4,"19":4,"20":2,"21":2,"22":0,"23":2,"24":6,"25":6,"26":2,"27":0,"28":0,"29":0,"30":0,"31":0,"32":0,"33":2,"34":4,"35":4,"36":4,"37":0,"38":11,"39":11,"40":11,"41":10,"42":10,"43":1,"44":3,"45":3,"46":3,"47":8,"48":2,"49":0,"50":2,"51":6,"52":6,"53":1},"f":{"0":4,"1":4,"2":11,"3":3,"4":6},"b":{"0":[0],"1":[1],"2":[1],"3":[4],"4":[0],"5":[0],"6":[8,4],"7":[0,8],"8":[0,0],"9":[0,8],"10":[4],"11":[0],"12":[4,2],"13":[2],"14":[4,4],"15":[0],"16":[2],"17":[0],"18":[0,0],"19":[0,0],"20":[2,0],"21":[0,11],"22":[0,0],"23":[0,10],"24":[0],"25":[1],"26":[1],"27":[0],"28":[2],"29":[0]}}
,"C:\\Users\\User\\Documents\\Projects\\gifyd\\src\\utils\\videoHelpers.ts": {"path":"C:\\Users\\User\\Documents\\Projects\\gifyd\\src\\utils\\videoHelpers.ts","statementMap":{"0":{"start":{"line":13,"column":31},"end":{"line":47,"column":1}},"1":{"start":{"line":18,"column":2},"end":{"line":46,"column":null}},"2":{"start":{"line":20,"column":4},"end":{"line":23,"column":5}},"3":{"start":{"line":21,"column":6},"end":{"line":21,"column":null}},"4":{"start":{"line":22,"column":6},"end":{"line":22,"column":12}},"5":{"start":{"line":25,"column":20},"end":{"line":25,"column":25}},"6":{"start":{"line":27,"column":22},"end":{"line":33,"column":17}},"7":{"start":{"line":28,"column":6},"end":{"line":32,"column":7}},"8":{"start":{"line":29,"column":8},"end":{"line":29,"column":null}},"9":{"start":{"line":30,"column":8},"end":{"line":30,"column":null}},"10":{"start":{"line":31,"column":8},"end":{"line":31,"column":null}},"11":{"start":{"line":35,"column":21},"end":{"line":42,"column":5}},"12":{"start":{"line":36,"column":6},"end":{"line":41,"column":7}},"13":{"start":{"line":37,"column":8},"end":{"line":37,"column":null}},"14":{"start":{"line":38,"column":8},"end":{"line":38,"column":null}},"15":{"start":{"line":39,"column":8},"end":{"line":39,"column":null}},"16":{"start":{"line":40,"column":8},"end":{"line":40,"column":null}},"17":{"start":{"line":44,"column":4},"end":{"line":44,"column":null}},"18":{"start":{"line":45,"column":4},"end":{"line":45,"column":null}},"19":{"start":{"line":13,"column":13},"end":{"line":13,"column":31}},"20":{"start":{"line":54,"column":32},"end":{"line":78,"column":1}},"21":{"start":{"line":58,"column":2},"end":{"line":77,"column":null}},"22":{"start":{"line":60,"column":4},"end":{"line":63,"column":5}},"23":{"start":{"line":61,"column":6},"end":{"line":61,"column":null}},"24":{"start":{"line":62,"column":6},"end":{"line":62,"column":12}},"25":{"start":{"line":65,"column":22},"end":{"line":68,"column":17}},"26":{"start":{"line":66,"column":6},"end":{"line":66,"column":null}},"27":{"start":{"line":67,"column":6},"end":{"line":67,"column":null}},"28":{"start":{"line":70,"column":20},"end":{"line":74,"column":5}},"29":{"start":{"line":71,"column":6},"end":{"line":71,"column":null}},"30":{"start":{"line":72,"column":6},"end":{"line":72,"column":null}},"31":{"start":{"line":73,"column":6},"end":{"line":73,"column":null}},"32":{"start":{"line":76,"column":4},"end":{"line":76,"column":null}},"33":{"start":{"line":54,"column":13},"end":{"line":54,"column":32}},"34":{"start":{"line":83,"column":32},"end":{"line":87,"column":1}},"35":{"start":{"line":84,"column":2},"end":{"line":86,"column":null}},"36":{"start":{"line":85,"column":4},"end":{"line":85,"column":null}},"37":{"start":{"line":85,"column":32},"end":{"line":85,"column":41}},"38":{"start":{"line":83,"column":13},"end":{"line":83,"column":32}},"39":{"start":{"line":97,"column":20},"end":{"line":97,"column":52}},"40":{"start":{"line":98,"column":0},"end":{"line":98,"column":null}},"41":{"start":{"line":99,"column":0},"end":{"line":99,"column":null}},"42":{"start":{"line":100,"column":17},"end":{"line":100,"column":75}},"43":{"start":{"line":102,"column":38},"end":{"line":133,"column":1}},"44":{"start":{"line":107,"column":2},"end":{"line":132,"column":null}},"45":{"start":{"line":108,"column":22},"end":{"line":108,"column":32}},"46":{"start":{"line":110,"column":23},"end":{"line":129,"column":5}},"47":{"start":{"line":111,"column":6},"end":{"line":121,"column":7}},"48":{"start":{"line":112,"column":8},"end":{"line":112,"column":null}},"49":{"start":{"line":113,"column":8},"end":{"line":113,"column":null}},"50":{"start":{"line":114,"column":26},"end":{"line":114,"column":61}},"51":{"start":{"line":115,"column":26},"end":{"line":115,"column":87}},"52":{"start":{"line":115,"column":60},"end":{"line":115,"column":86}},"53":{"start":{"line":117,"column":8},"end":{"line":120,"column":9}},"54":{"start":{"line":118,"column":10},"end":{"line":118,"column":null}},"55":{"start":{"line":119,"column":10},"end":{"line":119,"column":16}},"56":{"start":{"line":123,"column":6},"end":{"line":126,"column":7}},"57":{"start":{"line":124,"column":8},"end":{"line":124,"column":null}},"58":{"start":{"line":125,"column":8},"end":{"line":125,"column":14}},"59":{"start":{"line":128,"column":6},"end":{"line":128,"column":null}},"60":{"start":{"line":131,"column":4},"end":{"line":131,"column":null}},"61":{"start":{"line":102,"column":13},"end":{"line":102,"column":38}},"62":{"start":{"line":140,"column":26},"end":{"line":164,"column":1}},"63":{"start":{"line":144,"column":2},"end":{"line":163,"column":null}},"64":{"start":{"line":145,"column":4},"end":{"line":148,"column":5}},"65":{"start":{"line":146,"column":6},"end":{"line":146,"column":null}},"66":{"start":{"line":147,"column":6},"end":{"line":147,"column":12}},"67":{"start":{"line":150,"column":22},"end":{"line":153,"column":17}},"68":{"start":{"line":151,"column":6},"end":{"line":151,"column":null}},"69":{"start":{"line":152,"column":6},"end":{"line":152,"column":null}},"70":{"start":{"line":155,"column":20},"end":{"line":159,"column":5}},"71":{"start":{"line":156,"column":6},"end":{"line":156,"column":null}},"72":{"start":{"line":157,"column":6},"end":{"line":157,"column":null}},"73":{"start":{"line":158,"column":6},"end":{"line":158,"column":null}},"74":{"start":{"line":161,"column":4},"end":{"line":161,"column":null}},"75":{"start":{"line":162,"column":4},"end":{"line":162,"column":null}},"76":{"start":{"line":140,"column":13},"end":{"line":140,"column":26}},"77":{"start":{"line":171,"column":25},"end":{"line":195,"column":1}},"78":{"start":{"line":175,"column":2},"end":{"line":194,"column":null}},"79":{"start":{"line":176,"column":4},"end":{"line":179,"column":5}},"80":{"start":{"line":177,"column":6},"end":{"line":177,"column":null}},"81":{"start":{"line":178,"column":6},"end":{"line":178,"column":12}},"82":{"start":{"line":181,"column":22},"end":{"line":184,"column":17}},"83":{"start":{"line":182,"column":6},"end":{"line":182,"column":null}},"84":{"start":{"line":183,"column":6},"end":{"line":183,"column":null}},"85":{"start":{"line":186,"column":19},"end":{"line":190,"column":5}},"86":{"start":{"line":187,"column":6},"end":{"line":187,"column":null}},"87":{"start":{"line":188,"column":6},"end":{"line":188,"column":null}},"88":{"start":{"line":189,"column":6},"end":{"line":189,"column":null}},"89":{"start":{"line":192,"column":4},"end":{"line":192,"column":null}},"90":{"start":{"line":193,"column":4},"end":{"line":193,"column":null}},"91":{"start":{"line":171,"column":13},"end":{"line":171,"column":25}}},"fnMap":{"0":{"name":"(anonymous_0)","decl":{"start":{"line":13,"column":31},"end":{"line":13,"column":null}},"loc":{"start":{"line":17,"column":19},"end":{"line":47,"column":1}}},"1":{"name":"(anonymous_1)","decl":{"start":{"line":18,"column":21},"end":{"line":18,"column":22}},"loc":{"start":{"line":18,"column":41},"end":{"line":46,"column":3}}},"2":{"name":"(anonymous_2)","decl":{"start":{"line":27,"column":33},"end":{"line":27,"column":36}},"loc":{"start":{"line":27,"column":38},"end":{"line":33,"column":5}}},"3":{"name":"(anonymous_3)","decl":{"start":{"line":35,"column":21},"end":{"line":35,"column":24}},"loc":{"start":{"line":35,"column":26},"end":{"line":42,"column":5}}},"4":{"name":"(anonymous_4)","decl":{"start":{"line":54,"column":32},"end":{"line":54,"column":null}},"loc":{"start":{"line":57,"column":19},"end":{"line":78,"column":1}}},"5":{"name":"(anonymous_5)","decl":{"start":{"line":58,"column":21},"end":{"line":58,"column":22}},"loc":{"start":{"line":58,"column":41},"end":{"line":77,"column":3}}},"6":{"name":"(anonymous_6)","decl":{"start":{"line":65,"column":33},"end":{"line":65,"column":36}},"loc":{"start":{"line":65,"column":38},"end":{"line":68,"column":5}}},"7":{"name":"(anonymous_7)","decl":{"start":{"line":70,"column":20},"end":{"line":70,"column":23}},"loc":{"start":{"line":70,"column":25},"end":{"line":74,"column":5}}},"8":{"name":"(anonymous_8)","decl":{"start":{"line":83,"column":32},"end":{"line":83,"column":50}},"loc":{"start":{"line":83,"column":52},"end":{"line":87,"column":1}}},"9":{"name":"(anonymous_9)","decl":{"start":{"line":84,"column":21},"end":{"line":84,"column":22}},"loc":{"start":{"line":84,"column":33},"end":{"line":86,"column":3}}},"10":{"name":"(anonymous_10)","decl":{"start":{"line":85,"column":26},"end":{"line":85,"column":29}},"loc":{"start":{"line":85,"column":32},"end":{"line":85,"column":41}}},"11":{"name":"(anonymous_11)","decl":{"start":{"line":102,"column":38},"end":{"line":102,"column":null}},"loc":{"start":{"line":106,"column":19},"end":{"line":133,"column":1}}},"12":{"name":"(anonymous_12)","decl":{"start":{"line":107,"column":21},"end":{"line":107,"column":22}},"loc":{"start":{"line":107,"column":41},"end":{"line":132,"column":3}}},"13":{"name":"(anonymous_13)","decl":{"start":{"line":110,"column":23},"end":{"line":110,"column":26}},"loc":{"start":{"line":110,"column":28},"end":{"line":129,"column":5}}},"14":{"name":"(anonymous_14)","decl":{"start":{"line":115,"column":46},"end":{"line":115,"column":47}},"loc":{"start":{"line":115,"column":60},"end":{"line":115,"column":86}}},"15":{"name":"(anonymous_15)","decl":{"start":{"line":140,"column":26},"end":{"line":140,"column":null}},"loc":{"start":{"line":143,"column":19},"end":{"line":164,"column":1}}},"16":{"name":"(anonymous_16)","decl":{"start":{"line":144,"column":21},"end":{"line":144,"column":22}},"loc":{"start":{"line":144,"column":41},"end":{"line":163,"column":3}}},"17":{"name":"(anonymous_17)","decl":{"start":{"line":150,"column":33},"end":{"line":150,"column":36}},"loc":{"start":{"line":150,"column":38},"end":{"line":153,"column":5}}},"18":{"name":"(anonymous_18)","decl":{"start":{"line":155,"column":20},"end":{"line":155,"column":23}},"loc":{"start":{"line":155,"column":25},"end":{"line":159,"column":5}}},"19":{"name":"(anonymous_19)","decl":{"start":{"line":171,"column":25},"end":{"line":171,"column":null}},"loc":{"start":{"line":174,"column":19},"end":{"line":195,"column":1}}},"20":{"name":"(anonymous_20)","decl":{"start":{"line":175,"column":21},"end":{"line":175,"column":22}},"loc":{"start":{"line":175,"column":41},"end":{"line":194,"column":3}}},"21":{"name":"(anonymous_21)","decl":{"start":{"line":181,"column":33},"end":{"line":181,"column":36}},"loc":{"start":{"line":181,"column":38},"end":{"line":184,"column":5}}},"22":{"name":"(anonymous_22)","decl":{"start":{"line":186,"column":19},"end":{"line":186,"column":22}},"loc":{"start":{"line":186,"column":24},"end":{"line":190,"column":5}}}},"branchMap":{"0":{"loc":{"start":{"line":16,"column":2},"end":{"line":16,"column":26}},"type":"default-arg","locations":[{"start":{"line":16,"column":22},"end":{"line":16,"column":26}}]},"1":{"loc":{"start":{"line":20,"column":4},"end":{"line":23,"column":5}},"type":"if","locations":[{"start":{"line":20,"column":4},"end":{"line":23,"column":5}}]},"2":{"loc":{"start":{"line":28,"column":6},"end":{"line":32,"column":7}},"type":"if","locations":[{"start":{"line":28,"column":6},"end":{"line":32,"column":7}}]},"3":{"loc":{"start":{"line":36,"column":6},"end":{"line":41,"column":7}},"type":"if","locations":[{"start":{"line":36,"column":6},"end":{"line":41,"column":7}}]},"4":{"loc":{"start":{"line":56,"column":2},"end":{"line":56,"column":26}},"type":"default-arg","locations":[{"start":{"line":56,"column":22},"end":{"line":56,"column":26}}]},"5":{"loc":{"start":{"line":60,"column":4},"end":{"line":63,"column":5}},"type":"if","locations":[{"start":{"line":60,"column":4},"end":{"line":63,"column":5}}]},"6":{"loc":{"start":{"line":105,"column":2},"end":{"line":105,"column":26}},"type":"default-arg","locations":[{"start":{"line":105,"column":22},"end":{"line":105,"column":26}}]},"7":{"loc":{"start":{"line":111,"column":6},"end":{"line":121,"column":7}},"type":"if","locations":[{"start":{"line":111,"column":6},"end":{"line":121,"column":7}}]},"8":{"loc":{"start":{"line":115,"column":60},"end":{"line":115,"column":86}},"type":"binary-expr","locations":[{"start":{"line":115,"column":60},"end":{"line":115,"column":73}},{"start":{"line":115,"column":77},"end":{"line":115,"column":86}}]},"9":{"loc":{"start":{"line":117,"column":8},"end":{"line":120,"column":9}},"type":"if","locations":[{"start":{"line":117,"column":8},"end":{"line":120,"column":9}}]},"10":{"loc":{"start":{"line":123,"column":6},"end":{"line":126,"column":7}},"type":"if","locations":[{"start":{"line":123,"column":6},"end":{"line":126,"column":7}}]},"11":{"loc":{"start":{"line":142,"column":2},"end":{"line":142,"column":26}},"type":"default-arg","locations":[{"start":{"line":142,"column":22},"end":{"line":142,"column":26}}]},"12":{"loc":{"start":{"line":145,"column":4},"end":{"line":148,"column":5}},"type":"if","locations":[{"start":{"line":145,"column":4},"end":{"line":148,"column":5}}]},"13":{"loc":{"start":{"line":173,"column":2},"end":{"line":173,"column":26}},"type":"default-arg","locations":[{"start":{"line":173,"column":22},"end":{"line":173,"column":26}}]},"14":{"loc":{"start":{"line":176,"column":4},"end":{"line":179,"column":5}},"type":"if","locations":[{"start":{"line":176,"column":4},"end":{"line":179,"column":5}}]}},"s":{"0":1,"1":3,"2":3,"3":1,"4":1,"5":2,"6":2,"7":1,"8":1,"9":1,"10":1,"11":2,"12":1,"13":1,"14":1,"15":1,"16":1,"17":2,"18":2,"19":1,"20":1,"21":3,"22":3,"23":1,"24":1,"25":2,"26":1,"27":1,"28":2,"29":1,"30":1,"31":1,"32":2,"33":1,"34":1,"35":1,"36":1,"37":1,"38":1,"39":1,"40":1,"41":1,"42":1,"43":1,"44":0,"45":0,"46":0,"47":0,"48":0,"49":0,"50":0,"51":0,"52":0,"53":0,"54":0,"55":0,"56":0,"57":0,"58":0,"59":0,"60":0,"61":1,"62":1,"63":3,"64":3,"65":1,"66":1,"67":2,"68":1,"69":1,"70":2,"71":1,"72":1,"73":1,"74":2,"75":2,"76":1,"77":1,"78":3,"79":3,"80":1,"81":1,"82":2,"83":1,"84":1,"85":2,"86":1,"87":1,"88":1,"89":2,"90":2,"91":1},"f":{"0":3,"1":3,"2":1,"3":1,"4":3,"5":3,"6":1,"7":1,"8":1,"9":1,"10":1,"11":0,"12":0,"13":0,"14":0,"15":3,"16":3,"17":1,"18":1,"19":3,"20":3,"21":1,"22":1},"b":{"0":[2],"1":[1],"2":[1],"3":[1],"4":[2],"5":[1],"6":[0],"7":[0],"8":[0,0],"9":[0],"10":[0],"11":[2],"12":[1],"13":[2],"14":[1]}}
}
