TN:
SF:src\App.tsx
FN:59,App
FN:120,(anonymous_1)
FN:124,(anonymous_2)
FN:130,(anonymous_3)
FN:131,(anonymous_4)
FN:137,(anonymous_5)
FN:141,(anonymous_6)
FN:157,(anonymous_7)
FN:167,(anonymous_8)
FN:171,(anonymous_9)
FN:174,(anonymous_10)
FN:202,(anonymous_11)
FN:209,(anonymous_12)
FN:236,(anonymous_13)
FN:250,(anonymous_14)
FN:273,(anonymous_15)
FN:287,(anonymous_16)
FN:289,(anonymous_17)
FN:303,(anonymous_18)
FN:315,(anonymous_19)
FN:432,(anonymous_20)
FN:446,(anonymous_21)
FNF:22
FNH:0
FNDA:0,App
FNDA:0,(anonymous_1)
FNDA:0,(anonymous_2)
FNDA:0,(anonymous_3)
FNDA:0,(anonymous_4)
FNDA:0,(anonymous_5)
FNDA:0,(anonymous_6)
FNDA:0,(anonymous_7)
FNDA:0,(anonymous_8)
FNDA:0,(anonymous_9)
FNDA:0,(anonymous_10)
FNDA:0,(anonymous_11)
FNDA:0,(anonymous_12)
FNDA:0,(anonymous_13)
FNDA:0,(anonymous_14)
FNDA:0,(anonymous_15)
FNDA:0,(anonymous_16)
FNDA:0,(anonymous_17)
FNDA:0,(anonymous_18)
FNDA:0,(anonymous_19)
FNDA:0,(anonymous_20)
FNDA:0,(anonymous_21)
DA:1,0
DA:7,0
DA:9,0
DA:10,0
DA:11,0
DA:12,0
DA:13,0
DA:14,0
DA:15,0
DA:16,0
DA:17,0
DA:23,0
DA:24,0
DA:31,0
DA:32,0
DA:33,0
DA:34,0
DA:41,0
DA:42,0
DA:43,0
DA:44,0
DA:45,0
DA:47,0
DA:61,0
DA:62,0
DA:63,0
DA:64,0
DA:69,0
DA:72,0
DA:73,0
DA:74,0
DA:75,0
DA:76,0
DA:77,0
DA:78,0
DA:79,0
DA:80,0
DA:81,0
DA:82,0
DA:84,0
DA:96,0
DA:114,0
DA:115,0
DA:120,0
DA:121,0
DA:122,0
DA:123,0
DA:124,0
DA:125,0
DA:130,0
DA:131,0
DA:132,0
DA:137,0
DA:138,0
DA:139,0
DA:140,0
DA:141,0
DA:142,0
DA:143,0
DA:144,0
DA:145,0
DA:146,0
DA:147,0
DA:148,0
DA:149,0
DA:150,0
DA:151,0
DA:152,0
DA:153,0
DA:154,0
DA:155,0
DA:156,0
DA:157,0
DA:158,0
DA:159,0
DA:161,0
DA:162,0
DA:166,0
DA:167,0
DA:171,0
DA:172,0
DA:173,0
DA:174,0
DA:175,0
DA:176,0
DA:177,0
DA:178,0
DA:179,0
DA:180,0
DA:181,0
DA:182,0
DA:183,0
DA:184,0
DA:187,0
DA:188,0
DA:189,0
DA:190,0
DA:192,0
DA:195,0
DA:198,0
DA:202,0
DA:203,0
DA:204,0
DA:205,0
DA:207,0
DA:208,0
DA:209,0
DA:210,0
DA:211,0
DA:212,0
DA:213,0
DA:214,0
DA:215,0
DA:216,0
DA:218,0
DA:219,0
DA:220,0
DA:221,0
DA:224,0
DA:225,0
DA:226,0
DA:228,0
DA:232,0
DA:236,0
DA:237,0
DA:238,0
DA:239,0
DA:240,0
DA:241,0
DA:244,0
DA:250,0
DA:251,0
DA:252,0
DA:253,0
DA:254,0
DA:256,0
DA:257,0
DA:258,0
DA:260,0
DA:261,0
DA:262,0
DA:264,0
DA:265,0
DA:266,0
DA:267,0
DA:269,0
DA:270,0
DA:273,0
DA:274,0
DA:275,0
DA:276,0
DA:277,0
DA:278,0
DA:280,0
DA:281,0
DA:282,0
DA:283,0
DA:284,0
DA:285,0
DA:286,0
DA:287,0
DA:289,0
DA:291,0
DA:292,0
DA:293,0
DA:294,0
DA:295,0
DA:296,0
DA:298,0
DA:299,0
DA:303,0
DA:304,0
DA:305,0
DA:306,0
DA:307,0
DA:308,0
DA:310,0
DA:311,0
DA:315,0
DA:316,0
DA:317,0
DA:318,0
DA:319,0
DA:322,0
DA:323,0
DA:324,0
DA:325,0
DA:326,0
DA:327,0
DA:328,0
DA:329,0
DA:330,0
DA:331,0
DA:332,0
DA:337,0
DA:363,0
DA:433,0
DA:434,0
DA:435,0
DA:447,0
DA:508,0
LF:201
LH:0
BRDA:121,0,0,0
BRDA:125,1,0,0
BRDA:132,2,0,0
BRDA:138,3,0,0
BRDA:138,4,0,0
BRDA:138,4,1,0
BRDA:138,4,2,0
BRDA:139,5,0,0
BRDA:145,6,0,0
BRDA:145,7,0,0
BRDA:145,7,1,0
BRDA:147,8,0,0
BRDA:149,9,0,0
BRDA:152,10,0,0
BRDA:152,11,0,0
BRDA:152,11,1,0
BRDA:157,12,0,0
BRDA:157,13,0,0
BRDA:157,13,1,0
BRDA:158,14,0,0
BRDA:161,15,0,0
BRDA:172,16,0,0
BRDA:172,17,0,0
BRDA:172,17,1,0
BRDA:172,17,2,0
BRDA:173,18,0,0
BRDA:178,19,0,0
BRDA:178,20,0,0
BRDA:178,20,1,0
BRDA:178,20,2,0
BRDA:179,21,0,0
BRDA:179,22,0,0
BRDA:179,22,1,0
BRDA:182,23,0,0
BRDA:182,24,0,0
BRDA:182,24,1,0
BRDA:188,25,0,0
BRDA:188,25,1,0
BRDA:189,26,0,0
BRDA:189,26,1,0
BRDA:189,27,0,0
BRDA:189,27,1,0
BRDA:203,28,0,0
BRDA:207,29,0,0
BRDA:207,30,0,0
BRDA:207,30,1,0
BRDA:207,30,2,0
BRDA:208,31,0,0
BRDA:211,32,0,0
BRDA:211,33,0,0
BRDA:211,33,1,0
BRDA:214,34,0,0
BRDA:219,35,0,0
BRDA:219,35,1,0
BRDA:220,36,0,0
BRDA:220,37,0,0
BRDA:220,37,1,0
BRDA:237,38,0,0
BRDA:237,39,0,0
BRDA:237,39,1,0
BRDA:237,39,2,0
BRDA:240,40,0,0
BRDA:251,41,0,0
BRDA:252,42,0,0
BRDA:256,43,0,0
BRDA:260,44,0,0
BRDA:265,45,0,0
BRDA:274,46,0,0
BRDA:277,47,0,0
BRDA:284,48,0,0
BRDA:284,48,1,0
BRDA:295,49,0,0
BRDA:295,49,1,0
BRDA:304,50,0,0
BRDA:306,51,0,0
BRDA:306,51,1,0
BRDA:376,52,0,0
BRDA:376,52,1,0
BRDA:379,53,0,0
BRDA:379,53,1,0
BRDA:379,53,2,0
BRDA:385,54,0,0
BRDA:385,54,1,0
BRDA:390,55,0,0
BRDA:390,55,1,0
BRDA:390,55,2,0
BRDA:417,56,0,0
BRDA:417,56,1,0
BRDA:420,57,0,0
BRDA:420,57,1,0
BRDA:443,58,0,0
BRDA:443,58,1,0
BRDA:443,58,2,0
BRDA:443,58,3,0
BRDA:460,59,0,0
BRDA:460,59,1,0
BRDA:473,60,0,0
BRDA:473,60,1,0
BRDA:485,61,0,0
BRDA:485,61,1,0
BRDA:502,62,0,0
BRDA:502,62,1,0
BRF:102
BRH:0
end_of_record
TN:
SF:src\components\CaptionOptions.tsx
FN:35,CaptionOptions
FN:66,(anonymous_1)
FN:80,(anonymous_2)
FN:96,(anonymous_3)
FN:114,(anonymous_4)
FN:126,(anonymous_5)
FNF:6
FNH:0
FNDA:0,CaptionOptions
FNDA:0,(anonymous_1)
FNDA:0,(anonymous_2)
FNDA:0,(anonymous_3)
FNDA:0,(anonymous_4)
FNDA:0,(anonymous_5)
DA:1,0
DA:3,0
DA:4,0
DA:5,0
DA:6,0
DA:35,0
DA:45,0
DA:47,0
DA:67,0
DA:81,0
DA:97,0
DA:115,0
DA:127,0
DA:143,0
LF:14
LH:0
BRF:0
BRH:0
end_of_record
TN:
SF:src\components\EditOptions.tsx
FN:15,EditOptions
FN:43,(anonymous_1)
FN:60,(anonymous_2)
FN:78,(anonymous_3)
FNF:4
FNH:0
FNDA:0,EditOptions
FNDA:0,(anonymous_1)
FNDA:0,(anonymous_2)
FNDA:0,(anonymous_3)
DA:1,0
DA:15,0
DA:26,0
DA:28,0
DA:44,0
DA:61,0
DA:79,0
DA:89,0
LF:8
LH:0
BRF:0
BRH:0
end_of_record
TN:
SF:src\components\ErrorBoundary.tsx
FN:14,(anonymous_0)
FN:18,(anonymous_1)
FN:24,(anonymous_2)
FNF:3
FNH:0
FNDA:0,(anonymous_0)
FNDA:0,(anonymous_1)
FNDA:0,(anonymous_2)
DA:1,0
DA:12,0
DA:15,0
DA:19,0
DA:20,0
DA:24,0
DA:30,0
DA:34,0
LF:8
LH:0
BRDA:19,0,0,0
BRF:1
BRH:0
end_of_record
TN:
SF:src\components\FilterOptions.tsx
FN:23,(anonymous_0)
FN:35,(anonymous_1)
FN:52,(anonymous_2)
FNF:3
FNH:0
FNDA:0,(anonymous_0)
FNDA:0,(anonymous_1)
FNDA:0,(anonymous_2)
DA:1,0
DA:4,0
DA:23,0
DA:31,0
DA:36,0
DA:53,0
DA:65,0
LF:7
LH:0
BRDA:54,0,0,0
BRDA:54,0,1,0
BRF:2
BRH:0
end_of_record
TN:
SF:src\components\GifResult.tsx
FN:11,(anonymous_0)
FN:33,(anonymous_1)
FN:45,(anonymous_2)
FNF:3
FNH:0
FNDA:0,(anonymous_0)
FNDA:0,(anonymous_1)
FNDA:0,(anonymous_2)
DA:1,0
DA:2,0
DA:11,0
DA:13,0
DA:15,0
DA:34,0
DA:46,0
DA:68,0
LF:8
LH:0
BRDA:53,0,0,0
BRDA:53,0,1,0
BRF:2
BRH:0
end_of_record
TN:
SF:src\components\MainSettingsButton.tsx
FN:17,(anonymous_0)
FN:26,(anonymous_1)
FN:28,(anonymous_2)
FN:35,(anonymous_3)
FN:36,(anonymous_4)
FNF:5
FNH:0
FNDA:0,(anonymous_0)
FNDA:0,(anonymous_1)
FNDA:0,(anonymous_2)
FNDA:0,(anonymous_3)
FNDA:0,(anonymous_4)
DA:1,0
DA:3,0
DA:17,0
DA:26,0
DA:27,0
DA:28,0
DA:29,0
DA:30,0
DA:31,0
DA:33,0
DA:35,0
DA:36,0
DA:38,0
DA:42,0
DA:56,0
LF:15
LH:0
BRDA:27,0,0,0
BRDA:27,0,1,0
BRF:2
BRH:0
end_of_record
TN:
SF:src\components\UploadedVideo.tsx
FN:38,(anonymous_0)
FN:70,(anonymous_1)
FN:74,(anonymous_2)
FN:77,(anonymous_3)
FNF:4
FNH:0
FNDA:0,(anonymous_0)
FNDA:0,(anonymous_1)
FNDA:0,(anonymous_2)
FNDA:0,(anonymous_3)
DA:1,0
DA:3,0
DA:4,0
DA:38,0
DA:55,0
DA:72,0
DA:75,0
DA:79,0
DA:80,0
DA:81,0
DA:85,0
DA:86,0
DA:87,0
DA:89,0
DA:134,0
LF:15
LH:0
BRDA:79,0,0,0
BRDA:98,1,0,0
BRDA:98,1,1,0
BRDA:110,2,0,0
BRDA:110,2,1,0
BRDA:111,3,0,0
BRDA:111,3,1,0
BRDA:111,3,2,0
BRDA:112,4,0,0
BRDA:112,4,1,0
BRDA:112,4,2,0
BRDA:126,5,0,0
BRDA:126,5,1,0
BRDA:127,6,0,0
BRDA:127,6,1,0
BRF:15
BRH:0
end_of_record
TN:
SF:src\components\Caption\CaptionPreview.tsx
FN:24,measureText
FN:37,CaptionPreview
FN:52,(anonymous_2)
FN:55,(anonymous_3)
FN:61,(anonymous_4)
FN:66,(anonymous_5)
FN:72,(anonymous_6)
FN:76,(anonymous_7)
FN:76,(anonymous_8)
FN:78,(anonymous_9)
FN:122,(anonymous_10)
FN:188,(anonymous_11)
FNF:12
FNH:0
FNDA:0,measureText
FNDA:0,CaptionPreview
FNDA:0,(anonymous_2)
FNDA:0,(anonymous_3)
FNDA:0,(anonymous_4)
FNDA:0,(anonymous_5)
FNDA:0,(anonymous_6)
FNDA:0,(anonymous_7)
FNDA:0,(anonymous_8)
FNDA:0,(anonymous_9)
FNDA:0,(anonymous_10)
FNDA:0,(anonymous_11)
DA:1,0
DA:2,0
DA:4,0
DA:20,0
DA:21,0
DA:25,0
DA:26,0
DA:27,0
DA:29,0
DA:30,0
DA:31,0
DA:32,0
DA:34,0
DA:37,0
DA:46,0
DA:49,0
DA:52,0
DA:53,0
DA:55,0
DA:56,0
DA:57,0
DA:58,0
DA:61,0
DA:65,0
DA:66,0
DA:67,0
DA:72,0
DA:73,0
DA:74,0
DA:76,0
DA:77,0
DA:78,0
DA:81,0
DA:82,0
DA:86,0
DA:92,0
DA:98,0
DA:99,0
DA:102,0
DA:104,0
DA:108,0
DA:110,0
DA:112,0
DA:113,0
DA:114,0
DA:115,0
DA:116,0
DA:117,0
DA:118,0
DA:122,0
DA:124,0
DA:126,0
DA:127,0
DA:130,0
DA:131,0
DA:138,0
DA:139,0
DA:141,0
DA:142,0
DA:144,0
DA:145,0
DA:148,0
DA:163,0
DA:166,0
DA:173,0
DA:174,0
DA:177,0
DA:181,0
DA:186,0
DA:187,0
DA:188,0
DA:191,0
DA:193,0
DA:194,0
DA:195,0
DA:196,0
DA:198,0
DA:201,0
DA:204,0
DA:205,0
DA:206,0
DA:207,0
DA:209,0
DA:210,0
DA:212,0
DA:213,0
DA:215,0
DA:216,0
DA:219,0
DA:220,0
DA:221,0
DA:223,0
DA:230,0
DA:231,0
DA:232,0
DA:234,0
DA:241,0
DA:243,0
DA:249,0
DA:253,0
DA:303,0
LF:101
LH:0
BRDA:25,0,0,0
BRDA:29,1,0,0
BRDA:29,1,1,0
BRDA:30,2,0,0
BRDA:30,2,1,0
BRDA:31,3,0,0
BRDA:31,3,1,0
BRDA:46,4,0,0
BRDA:46,4,1,0
BRDA:57,5,0,0
BRDA:61,6,0,0
BRDA:74,7,0,0
BRDA:74,8,0,0
BRDA:74,8,1,0
BRDA:86,9,0,0
BRDA:86,9,1,0
BRDA:86,9,2,0
BRDA:86,9,3,0
BRDA:92,10,0,0
BRDA:92,10,1,0
BRDA:92,10,2,0
BRDA:92,10,3,0
BRDA:102,11,0,0
BRDA:102,11,1,0
BRDA:102,11,2,0
BRDA:102,11,3,0
BRDA:104,12,0,0
BRDA:104,12,1,0
BRDA:104,12,2,0
BRDA:104,12,3,0
BRDA:108,13,0,0
BRDA:108,13,1,0
BRDA:110,14,0,0
BRDA:110,14,1,0
BRDA:112,15,0,0
BRDA:112,15,1,0
BRDA:113,16,0,0
BRDA:113,16,1,0
BRDA:114,17,0,0
BRDA:114,17,1,0
BRDA:115,18,0,0
BRDA:115,18,1,0
BRDA:117,19,0,0
BRDA:117,19,1,0
BRDA:118,20,0,0
BRDA:118,20,1,0
BRDA:124,21,0,0
BRDA:124,21,1,0
BRDA:124,22,0,0
BRDA:124,22,1,0
BRDA:132,23,0,0
BRDA:132,23,1,0
BRDA:133,24,0,0
BRDA:133,24,1,0
BRDA:139,25,0,0
BRDA:139,26,0,0
BRDA:139,26,1,0
BRDA:144,27,0,0
BRDA:163,28,0,0
BRDA:167,29,0,0
BRDA:167,29,1,0
BRDA:168,30,0,0
BRDA:168,30,1,0
BRDA:177,31,0,0
BRDA:177,31,1,0
BRDA:181,32,0,0
BRDA:181,32,1,0
BRDA:186,33,0,0
BRDA:188,34,0,0
BRDA:188,34,1,0
BRDA:191,35,0,0
BRDA:191,35,1,0
BRDA:191,35,2,0
BRDA:193,36,0,0
BRDA:193,36,1,0
BRDA:195,37,0,0
BRDA:195,37,1,0
BRDA:201,38,0,0
BRDA:219,39,0,0
BRDA:219,39,1,0
BRDA:230,40,0,0
BRDA:230,40,1,0
BRDA:243,41,0,0
BRDA:243,41,1,0
BRDA:245,42,0,0
BRDA:245,42,1,0
BRDA:249,43,0,0
BRDA:249,43,1,0
BRF:88
BRH:0
end_of_record
TN:
SF:src\components\Caption\TextColour.tsx
FN:16,(anonymous_0)
FN:38,(anonymous_1)
FN:65,(anonymous_2)
FNF:3
FNH:3
FNDA:7,(anonymous_0)
FNDA:2,(anonymous_1)
FNDA:1,(anonymous_2)
DA:1,1
DA:4,1
DA:16,1
DA:18,7
DA:19,7
DA:20,7
DA:22,7
DA:39,2
DA:66,1
DA:79,1
LF:10
LH:10
BRDA:47,0,0,7
BRDA:47,0,1,4
BRDA:47,0,2,4
BRF:3
BRH:3
end_of_record
TN:
SF:src\components\Caption\TextFont.tsx
FN:11,(anonymous_0)
FN:20,(anonymous_1)
FNF:2
FNH:0
FNDA:0,(anonymous_0)
FNDA:0,(anonymous_1)
DA:1,0
DA:11,0
DA:13,0
DA:21,0
DA:40,0
LF:5
LH:0
BRDA:23,0,0,0
BRDA:23,0,1,0
BRDA:31,1,0,0
BRDA:31,1,1,0
BRF:4
BRH:0
end_of_record
TN:
SF:src\components\Caption\TextPosition.tsx
FN:12,(anonymous_0)
FN:20,(anonymous_1)
FNF:2
FNH:0
FNDA:0,(anonymous_0)
FNDA:0,(anonymous_1)
DA:1,0
DA:12,0
DA:13,0
DA:21,0
DA:40,0
LF:5
LH:0
BRDA:23,0,0,0
BRDA:23,0,1,0
BRDA:31,1,0,0
BRDA:31,1,1,0
BRF:4
BRH:0
end_of_record
TN:
SF:src\components\Caption\TextSize.tsx
FN:14,(anonymous_0)
FN:18,(anonymous_1)
FN:19,(anonymous_2)
FN:37,(anonymous_3)
FNF:4
FNH:0
FNDA:0,(anonymous_0)
FNDA:0,(anonymous_1)
FNDA:0,(anonymous_2)
FNDA:0,(anonymous_3)
DA:1,0
DA:2,0
DA:14,0
DA:16,0
DA:18,0
DA:19,0
DA:20,0
DA:21,0
DA:25,0
DA:27,0
DA:30,0
DA:38,0
DA:46,0
DA:70,0
LF:14
LH:0
BRDA:20,0,0,0
BRDA:41,1,0,0
BRDA:41,1,1,0
BRDA:41,2,0,0
BRDA:41,2,1,0
BRDA:49,3,0,0
BRDA:49,3,1,0
BRDA:49,4,0,0
BRDA:49,4,1,0
BRDA:58,5,0,0
BRDA:58,5,1,0
BRDA:58,6,0,0
BRDA:58,6,1,0
BRF:13
BRH:0
end_of_record
TN:
SF:src\components\Filter\FilterButton.tsx
FN:16,(anonymous_0)
FN:25,(anonymous_1)
FN:26,(anonymous_2)
FN:28,(anonymous_3)
FN:33,(anonymous_4)
FN:36,(anonymous_5)
FN:37,(anonymous_6)
FN:39,(anonymous_7)
FNF:8
FNH:0
FNDA:0,(anonymous_0)
FNDA:0,(anonymous_1)
FNDA:0,(anonymous_2)
FNDA:0,(anonymous_3)
FNDA:0,(anonymous_4)
FNDA:0,(anonymous_5)
FNDA:0,(anonymous_6)
FNDA:0,(anonymous_7)
DA:1,0
DA:4,0
DA:16,0
DA:25,0
DA:26,0
DA:27,0
DA:28,0
DA:29,0
DA:30,0
DA:31,0
DA:33,0
DA:34,0
DA:36,0
DA:37,0
DA:39,0
DA:40,0
DA:44,0
DA:55,0
LF:18
LH:0
BRDA:27,0,0,0
BRF:1
BRH:0
end_of_record
TN:
SF:src\components\Filter\FilterSubOptions\ColourFilter\ColourFilterOptions.tsx
FN:12,(anonymous_0)
FN:14,(anonymous_1)
FN:20,(anonymous_2)
FNF:3
FNH:0
FNDA:0,(anonymous_0)
FNDA:0,(anonymous_1)
FNDA:0,(anonymous_2)
DA:1,0
DA:3,0
DA:4,0
DA:12,0
DA:14,0
DA:15,0
DA:18,0
DA:22,0
DA:39,0
LF:9
LH:0
BRF:0
BRH:0
end_of_record
TN:
SF:src\components\Filter\FilterSubOptions\ColourFilter\ColourModifierInput.tsx
FN:10,(anonymous_0)
FN:25,(anonymous_1)
FNF:2
FNH:0
FNDA:0,(anonymous_0)
FNDA:0,(anonymous_1)
DA:1,0
DA:10,0
DA:12,0
DA:26,0
DA:36,0
LF:5
LH:0
BRF:0
BRH:0
end_of_record
TN:
SF:src\components\Filter\FilterSubOptions\GreenScreen\GreenScreenInput.tsx
FN:10,(anonymous_0)
FN:35,(anonymous_1)
FN:59,(anonymous_2)
FNF:3
FNH:0
FNDA:0,(anonymous_0)
FNDA:0,(anonymous_1)
FNDA:0,(anonymous_2)
DA:1,0
DA:10,0
DA:11,0
DA:36,0
DA:60,0
DA:72,0
LF:6
LH:0
BRF:0
BRH:0
end_of_record
TN:
SF:src\components\Filter\FilterSubOptions\GreenScreen\GreenScreenOptions.tsx
FN:12,(anonymous_0)
FN:14,(anonymous_1)
FN:28,(anonymous_2)
FN:46,(anonymous_3)
FNF:4
FNH:0
FNDA:0,(anonymous_0)
FNDA:0,(anonymous_1)
FNDA:0,(anonymous_2)
FNDA:0,(anonymous_3)
DA:1,0
DA:3,0
DA:4,0
DA:12,0
DA:14,0
DA:15,0
DA:26,0
DA:29,0
DA:47,0
DA:67,0
LF:10
LH:0
BRF:0
BRH:0
end_of_record
TN:
SF:src\components\Filter\FilterSubOptions\RGBSplit\RgbSplitInput.tsx
FN:10,(anonymous_0)
FN:26,(anonymous_1)
FNF:2
FNH:0
FNDA:0,(anonymous_0)
FNDA:0,(anonymous_1)
DA:1,0
DA:10,0
DA:12,0
DA:27,0
DA:37,0
LF:5
LH:0
BRF:0
BRH:0
end_of_record
TN:
SF:src\components\Filter\FilterSubOptions\RGBSplit\RgbSplitOptions.tsx
FN:12,(anonymous_0)
FN:14,(anonymous_1)
FN:20,(anonymous_2)
FNF:3
FNH:0
FNDA:0,(anonymous_0)
FNDA:0,(anonymous_1)
FNDA:0,(anonymous_2)
DA:1,0
DA:3,0
DA:4,0
DA:12,0
DA:14,0
DA:15,0
DA:18,0
DA:21,0
DA:38,0
LF:9
LH:0
BRF:0
BRH:0
end_of_record
TN:
SF:src\components\generic\Button.tsx
FN:12,(anonymous_0)
FNF:1
FNH:1
FNDA:8,(anonymous_0)
DA:1,2
DA:12,2
DA:14,8
DA:28,2
LF:4
LH:4
BRDA:16,0,0,0
BRDA:16,0,1,8
BRDA:17,1,0,0
BRDA:17,1,1,8
BRF:4
BRH:2
end_of_record
TN:
SF:src\components\generic\FileUploader.tsx
FN:9,(anonymous_0)
FN:12,(anonymous_1)
FNF:2
FNH:1
FNDA:5,(anonymous_0)
FNDA:0,(anonymous_1)
DA:1,1
DA:2,1
DA:9,1
DA:10,5
DA:12,5
DA:13,0
DA:14,0
DA:17,5
DA:40,1
LF:9
LH:7
BRDA:13,0,0,0
BRF:1
BRH:0
end_of_record
TN:
SF:src\functions\videoManipulation.ts
FN:3,(anonymous_0)
FN:16,(anonymous_1)
FN:29,(anonymous_2)
FN:56,(anonymous_3)
FN:67,(anonymous_4)
FNF:5
FNH:5
FNDA:5,(anonymous_0)
FNDA:7,(anonymous_1)
FNDA:6,(anonymous_2)
FNDA:17,(anonymous_3)
FNDA:8,(anonymous_4)
DA:3,1
DA:7,5
DA:8,5
DA:9,6
DA:10,6
DA:11,6
DA:13,5
DA:16,1
DA:20,7
DA:21,8
DA:22,8
DA:23,8
DA:26,7
DA:29,1
DA:33,6
DA:34,6
DA:35,7
DA:36,7
DA:37,7
DA:39,7
DA:47,4
DA:48,4
DA:49,4
DA:53,6
DA:56,1
DA:57,17
DA:58,4
DA:60,13
DA:61,13
DA:62,13
DA:64,13
DA:67,1
DA:68,8
DA:69,8
DA:70,5
DA:71,5
DA:72,5
DA:75,8
DA:76,8
DA:77,8
LF:40
LH:40
BRDA:39,0,0,4
BRDA:40,1,0,7
BRDA:40,1,1,6
BRDA:40,1,2,6
BRDA:40,1,3,6
BRDA:40,1,4,4
BRDA:40,1,5,4
BRDA:57,2,0,4
BRDA:57,3,0,17
BRDA:57,3,1,16
BRDA:57,3,2,13
BRDA:69,4,0,5
BRDA:69,5,0,8
BRDA:69,5,1,4
BRF:14
BRH:14
end_of_record
TN:
SF:src\hooks\useCanvasRenderer.ts
FN:24,useCanvasRenderer
FN:37,(anonymous_1)
FN:52,(anonymous_2)
FN:100,startDrawingFrames
FN:117,(anonymous_4)
FN:145,(anonymous_5)
FN:161,(anonymous_6)
FN:165,(anonymous_7)
FN:173,(anonymous_8)
FN:178,(anonymous_9)
FN:186,(anonymous_10)
FN:199,(anonymous_11)
FN:211,(anonymous_12)
FN:234,(anonymous_13)
FN:246,(anonymous_14)
FN:254,(anonymous_15)
FN:271,(anonymous_16)
FN:285,(anonymous_17)
FNF:18
FNH:0
FNDA:0,useCanvasRenderer
FNDA:0,(anonymous_1)
FNDA:0,(anonymous_2)
FNDA:0,startDrawingFrames
FNDA:0,(anonymous_4)
FNDA:0,(anonymous_5)
FNDA:0,(anonymous_6)
FNDA:0,(anonymous_7)
FNDA:0,(anonymous_8)
FNDA:0,(anonymous_9)
FNDA:0,(anonymous_10)
FNDA:0,(anonymous_11)
FNDA:0,(anonymous_12)
FNDA:0,(anonymous_13)
FNDA:0,(anonymous_14)
FNDA:0,(anonymous_15)
FNDA:0,(anonymous_16)
FNDA:0,(anonymous_17)
DA:1,0
DA:3,0
DA:24,0
DA:28,0
DA:30,0
DA:31,0
DA:32,0
DA:33,0
DA:34,0
DA:35,0
DA:37,0
DA:44,0
DA:45,0
DA:52,0
DA:53,0
DA:56,0
DA:61,0
DA:62,0
DA:63,0
DA:65,0
DA:67,0
DA:69,0
DA:73,0
DA:77,0
DA:78,0
DA:79,0
DA:80,0
DA:81,0
DA:82,0
DA:83,0
DA:84,0
DA:85,0
DA:86,0
DA:87,0
DA:88,0
DA:91,0
DA:95,0
DA:112,0
DA:113,0
DA:114,0
DA:115,0
DA:117,0
DA:118,0
DA:119,0
DA:120,0
DA:121,0
DA:122,0
DA:123,0
DA:125,0
DA:127,0
DA:129,0
DA:130,0
DA:131,0
DA:132,0
DA:133,0
DA:134,0
DA:135,0
DA:137,0
DA:138,0
DA:139,0
DA:140,0
DA:141,0
DA:144,0
DA:145,0
DA:146,0
DA:147,0
DA:149,0
DA:155,0
DA:159,0
DA:160,0
DA:161,0
DA:163,0
DA:165,0
DA:168,0
DA:169,0
DA:170,0
DA:172,0
DA:173,0
DA:174,0
DA:175,0
DA:177,0
DA:179,0
DA:180,0
DA:185,0
DA:187,0
DA:188,0
DA:193,0
DA:199,0
DA:200,0
DA:201,0
DA:202,0
DA:203,0
DA:204,0
DA:205,0
DA:207,0
DA:208,0
DA:211,0
DA:212,0
DA:213,0
DA:214,0
DA:215,0
DA:216,0
DA:218,0
DA:219,0
DA:220,0
DA:221,0
DA:222,0
DA:223,0
DA:224,0
DA:225,0
DA:226,0
DA:227,0
DA:229,0
DA:230,0
DA:231,0
DA:232,0
DA:233,0
DA:234,0
DA:236,0
DA:237,0
DA:238,0
DA:240,0
DA:242,0
DA:246,0
DA:247,0
DA:248,0
DA:249,0
DA:254,0
DA:255,0
DA:256,0
DA:258,0
DA:259,0
DA:260,0
DA:261,0
DA:271,0
DA:272,0
DA:273,0
DA:274,0
DA:276,0
DA:281,0
DA:285,0
DA:286,0
DA:287,0
DA:288,0
DA:290,0
DA:291,0
DA:292,0
DA:293,0
DA:294,0
DA:297,0
LF:150
LH:0
BRDA:44,0,0,0
BRDA:44,0,1,0
BRDA:53,1,0,0
BRDA:56,2,0,0
BRDA:57,3,0,0
BRDA:57,3,1,0
BRDA:57,3,2,0
BRDA:71,4,0,0
BRDA:71,4,1,0
BRDA:73,5,0,0
BRDA:74,6,0,0
BRDA:74,6,1,0
BRDA:82,7,0,0
BRDA:82,7,1,0
BRDA:83,8,0,0
BRDA:86,9,0,0
BRDA:86,10,0,0
BRDA:86,10,1,0
BRDA:109,11,0,0
BRDA:118,12,0,0
BRDA:118,13,0,0
BRDA:118,13,1,0
BRDA:118,13,2,0
BRDA:119,14,0,0
BRDA:119,15,0,0
BRDA:119,15,1,0
BRDA:121,16,0,0
BRDA:122,17,0,0
BRDA:122,18,0,0
BRDA:122,18,1,0
BRDA:130,19,0,0
BRDA:130,19,1,0
BRDA:132,20,0,0
BRDA:132,21,0,0
BRDA:132,21,1,0
BRDA:139,22,0,0
BRDA:139,23,0,0
BRDA:139,23,1,0
BRDA:145,24,0,0
BRDA:145,25,0,0
BRDA:145,25,1,0
BRDA:149,26,0,0
BRDA:150,27,0,0
BRDA:150,27,1,0
BRDA:150,27,2,0
BRDA:150,27,3,0
BRDA:159,28,0,0
BRDA:160,29,0,0
BRDA:160,29,1,0
BRDA:160,30,0,0
BRDA:160,30,1,0
BRDA:161,31,0,0
BRDA:168,32,0,0
BRDA:168,32,1,0
BRDA:168,33,0,0
BRDA:168,33,1,0
BRDA:174,34,0,0
BRDA:188,35,0,0
BRDA:189,36,0,0
BRDA:189,36,1,0
BRDA:189,36,2,0
BRDA:200,37,0,0
BRDA:201,38,0,0
BRDA:202,39,0,0
BRDA:203,40,0,0
BRDA:214,41,0,0
BRDA:214,42,0,0
BRDA:214,42,1,0
BRDA:214,42,2,0
BRDA:225,43,0,0
BRDA:225,44,0,0
BRDA:225,44,1,0
BRDA:234,45,0,0
BRDA:234,45,1,0
BRDA:236,46,0,0
BRDA:247,47,0,0
BRDA:255,48,0,0
BRDA:258,49,0,0
BRDA:272,50,0,0
BRDA:272,51,0,0
BRDA:272,51,1,0
BRDA:276,52,0,0
BRDA:277,53,0,0
BRDA:277,53,1,0
BRDA:277,53,2,0
BRDA:286,54,0,0
BRF:86
BRH:0
end_of_record
TN:
SF:src\hooks\useFFmpeg.ts
FN:9,useFFmpeg
FN:13,(anonymous_1)
FN:14,(anonymous_2)
FNF:3
FNH:0
FNDA:0,useFFmpeg
FNDA:0,(anonymous_1)
FNDA:0,(anonymous_2)
DA:1,0
DA:2,0
DA:3,0
DA:4,0
DA:5,0
DA:7,0
DA:9,0
DA:10,0
DA:11,0
DA:13,0
DA:14,0
DA:15,0
DA:16,0
DA:17,0
DA:18,0
DA:20,0
DA:22,0
DA:23,0
DA:24,0
DA:25,0
DA:26,0
DA:27,0
DA:28,0
DA:30,0
DA:31,0
DA:37,0
DA:40,0
LF:27
LH:0
BRDA:16,0,0,0
BRF:1
BRH:0
end_of_record
TN:
SF:src\hooks\useFilters.ts
FN:14,useFilters
FN:22,(anonymous_1)
FNF:2
FNH:2
FNDA:12,useFilters
FNDA:1,(anonymous_1)
DA:1,1
DA:5,1
DA:6,1
DA:7,1
DA:14,1
DA:15,12
DA:16,12
DA:17,12
DA:18,12
DA:19,12
DA:20,12
DA:22,12
DA:23,1
DA:24,1
DA:25,1
DA:26,1
DA:27,1
DA:28,1
DA:31,12
LF:19
LH:19
BRF:0
BRH:0
end_of_record
TN:
SF:src\hooks\useGifCreation.ts
FN:38,useGifCreation
FN:51,(anonymous_1)
FN:67,recordCanvasStream
FN:69,(anonymous_3)
FN:83,(anonymous_4)
FN:86,(anonymous_5)
FN:96,(anonymous_6)
FN:104,(anonymous_7)
FN:169,(anonymous_8)
FNF:9
FNH:0
FNDA:0,useGifCreation
FNDA:0,(anonymous_1)
FNDA:0,recordCanvasStream
FNDA:0,(anonymous_3)
FNDA:0,(anonymous_4)
FNDA:0,(anonymous_5)
FNDA:0,(anonymous_6)
FNDA:0,(anonymous_7)
FNDA:0,(anonymous_8)
DA:1,0
DA:4,0
DA:5,0
DA:11,0
DA:12,0
DA:38,0
DA:44,0
DA:46,0
DA:47,0
DA:48,0
DA:49,0
DA:51,0
DA:52,0
DA:53,0
DA:54,0
DA:55,0
DA:59,0
DA:68,0
DA:69,0
DA:70,0
DA:71,0
DA:72,0
DA:73,0
DA:74,0
DA:75,0
DA:76,0
DA:77,0
DA:80,0
DA:81,0
DA:82,0
DA:83,0
DA:84,0
DA:86,0
DA:87,0
DA:88,0
DA:89,0
DA:91,0
DA:92,0
DA:96,0
DA:97,0
DA:98,0
DA:99,0
DA:100,0
DA:101,0
DA:104,0
DA:105,0
DA:106,0
DA:107,0
DA:108,0
DA:110,0
DA:111,0
DA:112,0
DA:115,0
DA:116,0
DA:118,0
DA:121,0
DA:123,0
DA:124,0
DA:127,0
DA:129,0
DA:131,0
DA:132,0
DA:133,0
DA:135,0
DA:136,0
DA:137,0
DA:138,0
DA:139,0
DA:153,0
DA:154,0
DA:155,0
DA:158,0
DA:159,0
DA:161,0
DA:162,0
DA:164,0
DA:165,0
DA:169,0
DA:170,0
DA:171,0
DA:172,0
DA:173,0
DA:176,0
LF:83
LH:0
BRDA:52,0,0,0
BRDA:70,1,0,0
BRDA:71,2,0,0
BRDA:74,3,0,0
BRDA:76,4,0,0
BRDA:98,5,0,0
BRDA:105,6,0,0
BRDA:106,7,0,0
BRDA:110,8,0,0
BRDA:123,9,0,0
BRDA:131,10,0,0
BRDA:143,11,0,0
BRDA:143,11,1,0
BRDA:170,12,0,0
BRF:14
BRH:0
end_of_record
TN:
SF:src\hooks\useTimeline.ts
FN:6,useTimeline
FN:15,(anonymous_1)
FN:23,(anonymous_2)
FN:27,(anonymous_3)
FN:34,(anonymous_4)
FNF:5
FNH:5
FNDA:27,useTimeline
FNDA:21,(anonymous_1)
FNDA:4,(anonymous_2)
FNDA:7,(anonymous_3)
FNDA:1,(anonymous_4)
DA:1,1
DA:3,1
DA:4,1
DA:6,1
DA:7,27
DA:8,27
DA:9,27
DA:10,27
DA:11,27
DA:12,27
DA:15,27
DA:16,21
DA:17,4
DA:18,4
DA:19,4
DA:23,4
DA:27,27
DA:28,7
DA:29,7
DA:34,27
DA:35,1
DA:36,1
DA:37,1
DA:38,1
DA:39,1
DA:42,27
LF:26
LH:26
BRDA:16,0,0,4
BRDA:18,1,0,2
BRDA:18,1,1,2
BRDA:30,2,0,6
BRDA:30,2,1,1
BRF:5
BRH:5
end_of_record
TN:
SF:src\interfaces\componentConfigs.ts
FNF:0
FNH:0
DA:1,0
DA:3,0
DA:18,0
DA:33,0
DA:52,0
DA:67,0
LF:6
LH:0
BRF:0
BRH:0
end_of_record
TN:
SF:src\interfaces\enums.ts
FN:1,(anonymous_0)
FN:7,(anonymous_1)
FNF:2
FNH:0
FNDA:0,(anonymous_0)
FNDA:0,(anonymous_1)
DA:1,0
DA:2,0
DA:3,0
DA:4,0
DA:7,0
DA:8,0
DA:9,0
DA:10,0
LF:8
LH:0
BRDA:1,0,0,0
BRDA:1,0,1,0
BRDA:7,1,0,0
BRDA:7,1,1,0
BRF:4
BRH:0
end_of_record
TN:
SF:src\utils\captionHelpers.ts
FN:9,evalExpr
FN:14,parseExpr
FN:28,parseTerm
FN:42,parseFactor
FN:61,(anonymous_4)
FN:65,getFontFamily
FN:77,escapeForFFmpeg
FNF:7
FNH:7
FNDA:19,evalExpr
FNDA:25,parseExpr
FNDA:37,parseTerm
FNDA:49,parseFactor
FNDA:10,(anonymous_4)
FNDA:8,getFontFamily
FNDA:8,escapeForFFmpeg
DA:1,1
DA:9,1
DA:10,19
DA:11,19
DA:12,17
DA:15,25
DA:16,25
DA:17,25
DA:21,12
DA:22,12
DA:23,12
DA:25,25
DA:29,37
DA:30,37
DA:31,37
DA:35,12
DA:36,12
DA:37,12
DA:39,37
DA:43,49
DA:44,49
DA:45,49
DA:46,8
DA:47,8
DA:48,8
DA:49,8
DA:51,41
DA:52,41
DA:53,34
DA:54,34
DA:57,17
DA:61,1
DA:62,10
DA:65,1
DA:66,8
DA:73,8
DA:77,1
DA:78,8
LF:38
LH:38
BRDA:11,0,0,2
BRDA:15,1,0,0
BRDA:18,2,0,37
BRDA:18,2,1,20
BRDA:18,2,2,12
BRDA:23,3,0,8
BRDA:23,3,1,4
BRDA:29,4,0,0
BRDA:32,5,0,49
BRDA:32,5,1,32
BRDA:32,5,2,25
BRDA:37,6,0,7
BRDA:37,6,1,5
BRDA:43,7,0,0
BRDA:44,8,0,0
BRDA:45,9,0,8
BRDA:48,10,0,8
BRDA:48,11,0,8
BRDA:48,11,1,8
BRDA:52,12,0,7
BRDA:54,13,0,33
BRDA:54,13,1,1
BRDA:73,14,0,8
BRDA:73,14,1,2
BRF:24
BRH:20
end_of_record
TN:
SF:src\utils\ffmpegHelpers.ts
FN:16,readFFmpegFile
FN:113,(anonymous_1)
FN:128,ffmpegFileExists
FN:152,waitForFFmpegFile
FN:177,(anonymous_4)
FNF:5
FNH:5
FNDA:4,readFFmpegFile
FNDA:4,(anonymous_1)
FNDA:11,ffmpegFileExists
FNDA:3,waitForFFmpegFile
FNDA:6,(anonymous_4)
DA:16,1
DA:31,4
DA:33,4
DA:35,4
DA:36,8
DA:37,8
DA:38,0
DA:42,8
DA:45,8
DA:46,8
DA:49,8
DA:51,8
DA:52,4
DA:53,0
DA:58,4
DA:62,4
DA:65,4
DA:66,2
DA:69,2
DA:70,0
DA:77,2
DA:79,6
DA:82,6
DA:83,2
DA:84,0
DA:90,0
DA:91,0
DA:94,0
DA:95,0
DA:100,0
DA:104,2
DA:112,4
DA:113,4
DA:118,0
DA:128,1
DA:129,11
DA:130,11
DA:133,11
DA:134,10
DA:137,10
DA:139,1
DA:152,1
DA:161,3
DA:163,3
DA:165,3
DA:166,8
DA:167,2
DA:168,0
DA:174,2
DA:177,6
DA:180,1
LF:51
LH:40
BRDA:19,0,0,0
BRDA:27,1,0,1
BRDA:28,2,0,1
BRDA:29,3,0,4
BRDA:30,4,0,0
BRDA:37,5,0,0
BRDA:37,6,0,8
BRDA:37,6,1,4
BRDA:42,7,0,0
BRDA:42,7,1,8
BRDA:43,8,0,0
BRDA:43,8,1,0
BRDA:46,9,0,0
BRDA:46,9,1,8
BRDA:51,10,0,4
BRDA:52,11,0,0
BRDA:52,12,0,4
BRDA:52,12,1,2
BRDA:65,13,0,2
BRDA:65,14,0,4
BRDA:65,14,1,4
BRDA:69,15,0,0
BRDA:82,16,0,2
BRDA:83,17,0,0
BRDA:91,18,0,0
BRDA:91,18,1,0
BRDA:92,19,0,0
BRDA:92,19,1,0
BRDA:106,20,0,2
BRDA:106,20,1,0
BRDA:130,21,0,0
BRDA:130,21,1,11
BRDA:131,22,0,0
BRDA:131,22,1,0
BRDA:134,23,0,0
BRDA:134,23,1,10
BRDA:155,24,0,0
BRDA:161,25,0,1
BRDA:161,26,0,1
BRDA:161,27,0,0
BRDA:166,28,0,2
BRDA:167,29,0,0
BRF:42
BRH:20
end_of_record
TN:
SF:src\utils\videoHelpers.ts
FN:13,(anonymous_0)
FN:18,(anonymous_1)
FN:27,(anonymous_2)
FN:35,(anonymous_3)
FN:54,(anonymous_4)
FN:58,(anonymous_5)
FN:65,(anonymous_6)
FN:70,(anonymous_7)
FN:83,(anonymous_8)
FN:84,(anonymous_9)
FN:85,(anonymous_10)
FN:102,(anonymous_11)
FN:107,(anonymous_12)
FN:110,(anonymous_13)
FN:115,(anonymous_14)
FN:140,(anonymous_15)
FN:144,(anonymous_16)
FN:150,(anonymous_17)
FN:155,(anonymous_18)
FN:171,(anonymous_19)
FN:175,(anonymous_20)
FN:181,(anonymous_21)
FN:186,(anonymous_22)
FNF:23
FNH:19
FNDA:3,(anonymous_0)
FNDA:3,(anonymous_1)
FNDA:1,(anonymous_2)
FNDA:1,(anonymous_3)
FNDA:3,(anonymous_4)
FNDA:3,(anonymous_5)
FNDA:1,(anonymous_6)
FNDA:1,(anonymous_7)
FNDA:1,(anonymous_8)
FNDA:1,(anonymous_9)
FNDA:1,(anonymous_10)
FNDA:0,(anonymous_11)
FNDA:0,(anonymous_12)
FNDA:0,(anonymous_13)
FNDA:0,(anonymous_14)
FNDA:3,(anonymous_15)
FNDA:3,(anonymous_16)
FNDA:1,(anonymous_17)
FNDA:1,(anonymous_18)
FNDA:3,(anonymous_19)
FNDA:3,(anonymous_20)
FNDA:1,(anonymous_21)
FNDA:1,(anonymous_22)
DA:13,1
DA:18,3
DA:20,3
DA:21,1
DA:22,1
DA:25,2
DA:27,2
DA:28,1
DA:29,1
DA:30,1
DA:31,1
DA:35,2
DA:36,1
DA:37,1
DA:38,1
DA:39,1
DA:40,1
DA:44,2
DA:45,2
DA:54,1
DA:58,3
DA:60,3
DA:61,1
DA:62,1
DA:65,2
DA:66,1
DA:67,1
DA:70,2
DA:71,1
DA:72,1
DA:73,1
DA:76,2
DA:83,1
DA:84,1
DA:85,1
DA:97,1
DA:98,1
DA:99,1
DA:100,1
DA:102,1
DA:107,0
DA:108,0
DA:110,0
DA:111,0
DA:112,0
DA:113,0
DA:114,0
DA:115,0
DA:117,0
DA:118,0
DA:119,0
DA:123,0
DA:124,0
DA:125,0
DA:128,0
DA:131,0
DA:140,1
DA:144,3
DA:145,3
DA:146,1
DA:147,1
DA:150,2
DA:151,1
DA:152,1
DA:155,2
DA:156,1
DA:157,1
DA:158,1
DA:161,2
DA:162,2
DA:171,1
DA:175,3
DA:176,3
DA:177,1
DA:178,1
DA:181,2
DA:182,1
DA:183,1
DA:186,2
DA:187,1
DA:188,1
DA:189,1
DA:192,2
DA:193,2
LF:84
LH:68
BRDA:16,0,0,2
BRDA:20,1,0,1
BRDA:28,2,0,1
BRDA:36,3,0,1
BRDA:56,4,0,2
BRDA:60,5,0,1
BRDA:105,6,0,0
BRDA:111,7,0,0
BRDA:115,8,0,0
BRDA:115,8,1,0
BRDA:117,9,0,0
BRDA:123,10,0,0
BRDA:142,11,0,2
BRDA:145,12,0,1
BRDA:173,13,0,2
BRDA:176,14,0,1
BRF:16
BRH:10
end_of_record
